<?xml version="1.0" encoding="UTF-8"?>
<coverage generated="1549987814350" clover="3.2.0">
  <project timestamp="1549987814350" name="All files">
    <metrics statements="343" coveredstatements="303" conditionals="115" coveredconditionals="85" methods="68" coveredmethods="61" elements="526" coveredelements="449" complexity="0" loc="343" ncloc="343" packages="13" files="27" classes="27">
      <package name="src">
        <metrics statements="16" coveredstatements="15" conditionals="6" coveredconditionals="3" methods="3" coveredmethods="3"/>
        <file name="printer.ts" path="/home/joe/programs/sql-lint/src/printer.ts">
          <metrics statements="16" coveredstatements="15" conditionals="6" coveredconditionals="3" methods="3" coveredmethods="3"/>
          <line num="5" count="2" type="stmt"/>
          <line num="12" count="4" type="stmt"/>
          <line num="13" count="4" type="stmt"/>
          <line num="16" count="1" type="stmt"/>
          <line num="18" count="1" type="cond" truecount="1" falsecount="1"/>
          <line num="19" count="1" type="stmt"/>
          <line num="20" count="1" type="stmt"/>
          <line num="21" count="1" type="stmt"/>
          <line num="22" count="1" type="stmt"/>
          <line num="23" count="1" type="stmt"/>
          <line num="26" count="1" type="cond" truecount="1" falsecount="1"/>
          <line num="27" count="0" type="stmt"/>
          <line num="30" count="1" type="cond" truecount="1" falsecount="1"/>
          <line num="31" count="1" type="stmt"/>
          <line num="36" count="1" type="stmt"/>
          <line num="40" count="2" type="stmt"/>
        </file>
      </package>
      <package name="src.barrel">
        <metrics statements="11" coveredstatements="11" conditionals="0" coveredconditionals="0" methods="0" coveredmethods="0"/>
        <file name="checks.ts" path="/home/joe/programs/sql-lint/src/barrel/checks.ts">
          <metrics statements="7" coveredstatements="7" conditionals="0" coveredconditionals="0" methods="0" coveredmethods="0"/>
          <line num="1" count="1" type="stmt"/>
          <line num="2" count="1" type="stmt"/>
          <line num="3" count="1" type="stmt"/>
          <line num="4" count="1" type="stmt"/>
          <line num="5" count="1" type="stmt"/>
          <line num="6" count="1" type="stmt"/>
          <line num="7" count="1" type="stmt"/>
        </file>
        <file name="statements.ts" path="/home/joe/programs/sql-lint/src/barrel/statements.ts">
          <metrics statements="4" coveredstatements="4" conditionals="0" coveredconditionals="0" methods="0" coveredmethods="0"/>
          <line num="1" count="15" type="stmt"/>
          <line num="2" count="15" type="stmt"/>
          <line num="3" count="15" type="stmt"/>
          <line num="4" count="15" type="stmt"/>
        </file>
      </package>
      <package name="src.checker">
        <metrics statements="50" coveredstatements="16" conditionals="24" coveredconditionals="1" methods="11" coveredmethods="6"/>
        <file name="checkerResult.ts" path="/home/joe/programs/sql-lint/src/checker/checkerResult.ts">
          <metrics statements="3" coveredstatements="3" conditionals="0" coveredconditionals="0" methods="1" coveredmethods="1"/>
          <line num="16" count="19" type="stmt"/>
          <line num="17" count="19" type="stmt"/>
          <line num="21" count="11" type="stmt"/>
        </file>
        <file name="checkerRunner.ts" path="/home/joe/programs/sql-lint/src/checker/checkerRunner.ts">
          <metrics statements="43" coveredstatements="9" conditionals="24" coveredconditionals="1" methods="8" coveredmethods="3"/>
          <line num="4" count="1" type="stmt"/>
          <line num="5" count="1" type="stmt"/>
          <line num="6" count="1" type="stmt"/>
          <line num="27" count="1" type="stmt"/>
          <line num="29" count="1" type="stmt"/>
          <line num="30" count="0" type="stmt"/>
          <line num="32" count="0" type="cond" truecount="0" falsecount="2"/>
          <line num="33" count="0" type="stmt"/>
          <line num="34" count="0" type="stmt"/>
          <line num="36" count="0" type="cond" truecount="0" falsecount="2"/>
          <line num="37" count="0" type="stmt"/>
          <line num="38" count="0" type="cond" truecount="0" falsecount="2"/>
          <line num="39" count="0" type="stmt"/>
          <line num="40" count="0" type="cond" truecount="0" falsecount="2"/>
          <line num="41" count="0" type="stmt"/>
          <line num="42" count="0" type="cond" truecount="0" falsecount="2"/>
          <line num="43" count="0" type="stmt"/>
          <line num="55" count="0" type="stmt"/>
          <line num="57" count="0" type="stmt"/>
          <line num="58" count="0" type="stmt"/>
          <line num="60" count="0" type="cond" truecount="0" falsecount="2"/>
          <line num="61" count="0" type="stmt"/>
          <line num="62" count="0" type="stmt"/>
          <line num="64" count="0" type="stmt"/>
          <line num="65" count="0" type="stmt"/>
          <line num="66" count="0" type="stmt"/>
          <line num="69" count="0" type="cond" truecount="0" falsecount="2"/>
          <line num="70" count="0" type="stmt"/>
          <line num="71" count="0" type="cond" truecount="0" falsecount="2"/>
          <line num="72" count="0" type="stmt"/>
          <line num="73" count="0" type="stmt"/>
          <line num="74" count="0" type="stmt"/>
          <line num="76" count="0" type="cond" truecount="0" falsecount="2"/>
          <line num="77" count="0" type="stmt"/>
          <line num="78" count="0" type="cond" truecount="0" falsecount="2"/>
          <line num="79" count="0" type="stmt"/>
          <line num="80" count="0" type="cond" truecount="0" falsecount="2"/>
          <line num="81" count="0" type="stmt"/>
          <line num="93" count="2" type="cond" truecount="1" falsecount="1"/>
          <line num="94" count="0" type="stmt"/>
          <line num="97" count="2" type="stmt"/>
          <line num="101" count="1" type="stmt"/>
          <line num="110" count="1" type="stmt"/>
        </file>
        <file name="nullChecker.ts" path="/home/joe/programs/sql-lint/src/checker/nullChecker.ts">
          <metrics statements="4" coveredstatements="4" conditionals="0" coveredconditionals="0" methods="2" coveredmethods="2"/>
          <line num="2" count="1" type="stmt"/>
          <line num="6" count="1" type="stmt"/>
          <line num="9" count="1" type="stmt"/>
          <line num="13" count="1" type="stmt"/>
        </file>
      </package>
      <package name="src.checker.checks.create">
        <metrics statements="12" coveredstatements="12" conditionals="4" coveredconditionals="4" methods="2" coveredmethods="2"/>
        <file name="invalidCreateOption.ts" path="/home/joe/programs/sql-lint/src/checker/checks/create/invalidCreateOption.ts">
          <metrics statements="12" coveredstatements="12" conditionals="4" coveredconditionals="4" methods="2" coveredmethods="2"/>
          <line num="12" count="2" type="stmt"/>
          <line num="14" count="2" type="stmt"/>
          <line num="15" count="2" type="stmt"/>
          <line num="16" count="2" type="stmt"/>
          <line num="19" count="3" type="stmt"/>
          <line num="22" count="2" type="stmt"/>
          <line num="24" count="2" type="stmt"/>
          <line num="25" count="2" type="stmt"/>
          <line num="26" count="4" type="cond" truecount="2" falsecount="0"/>
          <line num="30" count="1" type="stmt"/>
          <line num="42" count="1" type="stmt"/>
          <line num="46" count="2" type="stmt"/>
        </file>
      </package>
      <package name="src.checker.checks.delete">
        <metrics statements="7" coveredstatements="7" conditionals="2" coveredconditionals="2" methods="2" coveredmethods="2"/>
        <file name="missingWhere.ts" path="/home/joe/programs/sql-lint/src/checker/checks/delete/missingWhere.ts">
          <metrics statements="7" coveredstatements="7" conditionals="2" coveredconditionals="2" methods="2" coveredmethods="2"/>
          <line num="2" count="2" type="stmt"/>
          <line num="6" count="3" type="stmt"/>
          <line num="9" count="2" type="cond" truecount="2" falsecount="0"/>
          <line num="15" count="1" type="stmt"/>
          <line num="16" count="1" type="stmt"/>
          <line num="18" count="1" type="stmt"/>
          <line num="22" count="2" type="stmt"/>
        </file>
      </package>
      <package name="src.checker.checks.drop">
        <metrics statements="12" coveredstatements="12" conditionals="4" coveredconditionals="4" methods="2" coveredmethods="2"/>
        <file name="invalidDropOption.ts" path="/home/joe/programs/sql-lint/src/checker/checks/drop/invalidDropOption.ts">
          <metrics statements="12" coveredstatements="12" conditionals="4" coveredconditionals="4" methods="2" coveredmethods="2"/>
          <line num="12" count="2" type="stmt"/>
          <line num="14" count="2" type="stmt"/>
          <line num="15" count="2" type="stmt"/>
          <line num="16" count="2" type="stmt"/>
          <line num="19" count="3" type="stmt"/>
          <line num="22" count="2" type="stmt"/>
          <line num="24" count="2" type="stmt"/>
          <line num="25" count="2" type="stmt"/>
          <line num="26" count="4" type="cond" truecount="2" falsecount="0"/>
          <line num="30" count="1" type="stmt"/>
          <line num="42" count="1" type="stmt"/>
          <line num="46" count="2" type="stmt"/>
        </file>
      </package>
      <package name="src.checker.checks.generic">
        <metrics statements="41" coveredstatements="40" conditionals="14" coveredconditionals="13" methods="8" coveredmethods="8"/>
        <file name="mySqlError.ts" path="/home/joe/programs/sql-lint/src/checker/checks/generic/mySqlError.ts">
          <metrics statements="11" coveredstatements="11" conditionals="2" coveredconditionals="2" methods="3" coveredmethods="3"/>
          <line num="2" count="2" type="stmt"/>
          <line num="10" count="2" type="stmt"/>
          <line num="13" count="2" type="stmt"/>
          <line num="17" count="2" type="stmt"/>
          <line num="19" count="2" type="cond" truecount="2" falsecount="0"/>
          <line num="20" count="1" type="stmt"/>
          <line num="21" count="1" type="stmt"/>
          <line num="22" count="1" type="stmt"/>
          <line num="25" count="1" type="stmt"/>
          <line num="29" count="1" type="stmt"/>
          <line num="33" count="2" type="stmt"/>
        </file>
        <file name="oddCodePoint.ts" path="/home/joe/programs/sql-lint/src/checker/checks/generic/oddCodePoint.ts">
          <metrics statements="10" coveredstatements="10" conditionals="4" coveredconditionals="4" methods="2" coveredmethods="2"/>
          <line num="2" count="2" type="stmt"/>
          <line num="6" count="4" type="stmt"/>
          <line num="8" count="3" type="stmt"/>
          <line num="10" count="3" type="stmt"/>
          <line num="11" count="94" type="stmt"/>
          <line num="13" count="94" type="cond" truecount="4" falsecount="0"/>
          <line num="14" count="1" type="stmt"/>
          <line num="15" count="1" type="stmt"/>
          <line num="18" count="2" type="stmt"/>
          <line num="22" count="2" type="stmt"/>
        </file>
        <file name="tableNotFound.ts" path="/home/joe/programs/sql-lint/src/checker/checks/generic/tableNotFound.ts">
          <metrics statements="20" coveredstatements="19" conditionals="8" coveredconditionals="7" methods="3" coveredmethods="3"/>
          <line num="1" count="2" type="stmt"/>
          <line num="3" count="2" type="stmt"/>
          <line num="5" count="2" type="stmt"/>
          <line num="6" count="2" type="stmt"/>
          <line num="9" count="1" type="stmt"/>
          <line num="13" count="1" type="stmt"/>
          <line num="17" count="1" type="stmt"/>
          <line num="18" count="1" type="stmt"/>
          <line num="19" count="4" type="cond" truecount="2" falsecount="0"/>
          <line num="20" count="2" type="stmt"/>
          <line num="22" count="2" type="cond" truecount="2" falsecount="0"/>
          <line num="26" count="1" type="stmt"/>
          <line num="35" count="0" type="stmt"/>
          <line num="39" count="1" type="stmt"/>
          <line num="40" count="1" type="stmt"/>
          <line num="41" count="1" type="stmt"/>
          <line num="42" count="1" type="cond" truecount="1" falsecount="1"/>
          <line num="43" count="1" type="stmt"/>
          <line num="46" count="1" type="stmt"/>
          <line num="50" count="2" type="stmt"/>
        </file>
      </package>
      <package name="src.checker.checks.use">
        <metrics statements="13" coveredstatements="13" conditionals="6" coveredconditionals="6" methods="3" coveredmethods="3"/>
        <file name="databaseNotFound.ts" path="/home/joe/programs/sql-lint/src/checker/checks/use/databaseNotFound.ts">
          <metrics statements="13" coveredstatements="13" conditionals="6" coveredconditionals="6" methods="3" coveredmethods="3"/>
          <line num="2" count="2" type="stmt"/>
          <line num="4" count="2" type="stmt"/>
          <line num="5" count="2" type="stmt"/>
          <line num="8" count="4" type="stmt"/>
          <line num="12" count="4" type="stmt"/>
          <line num="15" count="4" type="stmt"/>
          <line num="16" count="4" type="stmt"/>
          <line num="17" count="8" type="cond" truecount="2" falsecount="0"/>
          <line num="18" count="4" type="stmt"/>
          <line num="19" count="4" type="cond" truecount="4" falsecount="0"/>
          <line num="20" count="2" type="stmt"/>
          <line num="26" count="2" type="stmt"/>
          <line num="30" count="2" type="stmt"/>
        </file>
      </package>
      <package name="src.formatter">
        <metrics statements="8" coveredstatements="8" conditionals="2" coveredconditionals="2" methods="1" coveredmethods="1"/>
        <file name="formatterFactory.ts" path="/home/joe/programs/sql-lint/src/formatter/formatterFactory.ts">
          <metrics statements="8" coveredstatements="8" conditionals="2" coveredconditionals="2" methods="1" coveredmethods="1"/>
          <line num="2" count="1" type="stmt"/>
          <line num="3" count="1" type="stmt"/>
          <line num="7" count="4" type="stmt"/>
          <line num="9" count="4" type="stmt"/>
          <line num="14" count="4" type="cond" truecount="2" falsecount="0"/>
          <line num="15" count="2" type="stmt"/>
          <line num="18" count="4" type="stmt"/>
          <line num="22" count="1" type="stmt"/>
        </file>
      </package>
      <package name="src.formatter.formats">
        <metrics statements="5" coveredstatements="5" conditionals="0" coveredconditionals="0" methods="2" coveredmethods="2"/>
        <file name="json.ts" path="/home/joe/programs/sql-lint/src/formatter/formats/json.ts">
          <metrics statements="3" coveredstatements="3" conditionals="0" coveredconditionals="0" methods="1" coveredmethods="1"/>
          <line num="6" count="1" type="stmt"/>
          <line num="11" count="1" type="stmt"/>
          <line num="15" count="2" type="stmt"/>
        </file>
        <file name="simple.ts" path="/home/joe/programs/sql-lint/src/formatter/formats/simple.ts">
          <metrics statements="2" coveredstatements="2" conditionals="0" coveredconditionals="0" methods="1" coveredmethods="1"/>
          <line num="6" count="1" type="stmt"/>
          <line num="10" count="4" type="stmt"/>
        </file>
      </package>
      <package name="src.lexer">
        <metrics statements="49" coveredstatements="48" conditionals="8" coveredconditionals="7" methods="8" coveredmethods="8"/>
        <file name="lexer.ts" path="/home/joe/programs/sql-lint/src/lexer/lexer.ts">
          <metrics statements="19" coveredstatements="18" conditionals="2" coveredconditionals="1" methods="5" coveredmethods="5"/>
          <line num="2" count="15" type="stmt"/>
          <line num="3" count="15" type="stmt"/>
          <line num="6" count="24" type="stmt"/>
          <line num="9" count="24" type="stmt"/>
          <line num="11" count="24" type="stmt"/>
          <line num="12" count="238" type="stmt"/>
          <line num="15" count="24" type="cond" truecount="1" falsecount="1"/>
          <line num="16" count="24" type="stmt"/>
          <line num="19" count="0" type="stmt"/>
          <line num="27" count="16" type="stmt"/>
          <line num="28" count="16" type="stmt"/>
          <line num="29" count="16" type="stmt"/>
          <line num="31" count="16" type="stmt"/>
          <line num="33" count="16" type="stmt"/>
          <line num="64" count="5" type="stmt"/>
          <line num="65" count="5" type="stmt"/>
          <line num="80" count="5" type="stmt"/>
          <line num="89" count="77" type="stmt"/>
          <line num="92" count="15" type="stmt"/>
        </file>
        <file name="statementFactory.ts" path="/home/joe/programs/sql-lint/src/lexer/statementFactory.ts">
          <metrics statements="7" coveredstatements="7" conditionals="2" coveredconditionals="2" methods="1" coveredmethods="1"/>
          <line num="2" count="15" type="stmt"/>
          <line num="6" count="22" type="stmt"/>
          <line num="8" count="22" type="stmt"/>
          <line num="15" count="22" type="cond" truecount="2" falsecount="0"/>
          <line num="16" count="18" type="stmt"/>
          <line num="19" count="22" type="stmt"/>
          <line num="23" count="15" type="stmt"/>
        </file>
        <file name="tokens.ts" path="/home/joe/programs/sql-lint/src/lexer/tokens.ts">
          <metrics statements="23" coveredstatements="23" conditionals="4" coveredconditionals="4" methods="2" coveredmethods="2"/>
          <line num="1" count="15" type="stmt"/>
          <line num="23" count="15" type="cond" truecount="2" falsecount="0"/>
          <line num="24" count="15" type="stmt"/>
          <line num="25" count="15" type="stmt"/>
          <line num="26" count="15" type="stmt"/>
          <line num="27" count="15" type="stmt"/>
          <line num="30" count="15" type="cond" truecount="2" falsecount="0"/>
          <line num="31" count="15" type="stmt"/>
          <line num="32" count="15" type="stmt"/>
          <line num="33" count="15" type="stmt"/>
          <line num="34" count="15" type="stmt"/>
          <line num="35" count="15" type="stmt"/>
          <line num="36" count="15" type="stmt"/>
          <line num="37" count="15" type="stmt"/>
          <line num="38" count="15" type="stmt"/>
          <line num="39" count="15" type="stmt"/>
          <line num="40" count="15" type="stmt"/>
          <line num="41" count="15" type="stmt"/>
          <line num="42" count="15" type="stmt"/>
          <line num="43" count="15" type="stmt"/>
          <line num="44" count="15" type="stmt"/>
          <line num="45" count="15" type="stmt"/>
          <line num="46" count="15" type="stmt"/>
        </file>
      </package>
      <package name="src.lexer.statements">
        <metrics statements="75" coveredstatements="75" conditionals="30" coveredconditionals="29" methods="17" coveredmethods="17"/>
        <file name="create.ts" path="/home/joe/programs/sql-lint/src/lexer/statements/create.ts">
          <metrics statements="16" coveredstatements="16" conditionals="6" coveredconditionals="6" methods="4" coveredmethods="4"/>
          <line num="3" count="15" type="stmt"/>
          <line num="4" count="15" type="stmt"/>
          <line num="7" count="27" type="stmt"/>
          <line num="25" count="5" type="stmt"/>
          <line num="27" count="5" type="stmt"/>
          <line num="28" count="5" type="stmt"/>
          <line num="29" count="14" type="stmt"/>
          <line num="30" count="14" type="cond" truecount="2" falsecount="0"/>
          <line num="31" count="5" type="stmt"/>
          <line num="32" count="9" type="cond" truecount="2" falsecount="0"/>
          <line num="33" count="5" type="stmt"/>
          <line num="35" count="5" type="cond" truecount="2" falsecount="0"/>
          <line num="36" count="4" type="stmt"/>
          <line num="39" count="14" type="stmt"/>
          <line num="43" count="5" type="stmt"/>
          <line num="47" count="15" type="stmt"/>
        </file>
        <file name="drop.ts" path="/home/joe/programs/sql-lint/src/lexer/statements/drop.ts">
          <metrics statements="16" coveredstatements="16" conditionals="6" coveredconditionals="6" methods="4" coveredmethods="4"/>
          <line num="3" count="15" type="stmt"/>
          <line num="4" count="15" type="stmt"/>
          <line num="7" count="27" type="stmt"/>
          <line num="23" count="5" type="stmt"/>
          <line num="25" count="5" type="stmt"/>
          <line num="26" count="5" type="stmt"/>
          <line num="27" count="14" type="stmt"/>
          <line num="28" count="14" type="cond" truecount="2" falsecount="0"/>
          <line num="29" count="5" type="stmt"/>
          <line num="30" count="9" type="cond" truecount="2" falsecount="0"/>
          <line num="31" count="5" type="stmt"/>
          <line num="33" count="5" type="cond" truecount="2" falsecount="0"/>
          <line num="34" count="4" type="stmt"/>
          <line num="37" count="14" type="stmt"/>
          <line num="41" count="5" type="stmt"/>
          <line num="45" count="15" type="stmt"/>
        </file>
        <file name="select.ts" path="/home/joe/programs/sql-lint/src/lexer/statements/select.ts">
          <metrics statements="16" coveredstatements="16" conditionals="8" coveredconditionals="7" methods="3" coveredmethods="3"/>
          <line num="3" count="15" type="stmt"/>
          <line num="4" count="15" type="stmt"/>
          <line num="8" count="10" type="stmt"/>
          <line num="9" count="10" type="stmt"/>
          <line num="10" count="10" type="stmt"/>
          <line num="11" count="53" type="stmt"/>
          <line num="13" count="53" type="cond" truecount="2" falsecount="0"/>
          <line num="14" count="23" type="stmt"/>
          <line num="15" count="30" type="cond" truecount="4" falsecount="0"/>
          <line num="16" count="17" type="stmt"/>
          <line num="18" count="17" type="cond" truecount="1" falsecount="1"/>
          <line num="19" count="17" type="stmt"/>
          <line num="25" count="13" type="stmt"/>
          <line num="27" count="53" type="stmt"/>
          <line num="31" count="10" type="stmt"/>
          <line num="35" count="15" type="stmt"/>
        </file>
        <file name="update.ts" path="/home/joe/programs/sql-lint/src/lexer/statements/update.ts">
          <metrics statements="15" coveredstatements="15" conditionals="6" coveredconditionals="6" methods="3" coveredmethods="3"/>
          <line num="3" count="1" type="stmt"/>
          <line num="4" count="1" type="stmt"/>
          <line num="8" count="2" type="stmt"/>
          <line num="9" count="2" type="stmt"/>
          <line num="10" count="2" type="stmt"/>
          <line num="11" count="5" type="stmt"/>
          <line num="13" count="5" type="cond" truecount="2" falsecount="0"/>
          <line num="14" count="2" type="stmt"/>
          <line num="15" count="3" type="cond" truecount="2" falsecount="0"/>
          <line num="16" count="2" type="stmt"/>
          <line num="18" count="2" type="cond" truecount="2" falsecount="0"/>
          <line num="19" count="1" type="stmt"/>
          <line num="25" count="5" type="stmt"/>
          <line num="29" count="2" type="stmt"/>
          <line num="33" count="1" type="stmt"/>
        </file>
        <file name="use.ts" path="/home/joe/programs/sql-lint/src/lexer/statements/use.ts">
          <metrics statements="12" coveredstatements="12" conditionals="4" coveredconditionals="4" methods="3" coveredmethods="3"/>
          <line num="3" count="15" type="stmt"/>
          <line num="4" count="15" type="stmt"/>
          <line num="8" count="8" type="stmt"/>
          <line num="9" count="8" type="stmt"/>
          <line num="10" count="22" type="stmt"/>
          <line num="11" count="22" type="cond" truecount="2" falsecount="0"/>
          <line num="12" count="8" type="stmt"/>
          <line num="14" count="14" type="stmt"/>
          <line num="16" count="14" type="cond" truecount="2" falsecount="0"/>
          <line num="17" count="8" type="stmt"/>
          <line num="26" count="8" type="stmt"/>
          <line num="30" count="15" type="stmt"/>
        </file>
      </package>
      <package name="src.reader">
        <metrics statements="44" coveredstatements="41" conditionals="15" coveredconditionals="14" methods="9" coveredmethods="7"/>
        <file name="line.ts" path="/home/joe/programs/sql-lint/src/reader/line.ts">
          <metrics statements="4" coveredstatements="4" conditionals="0" coveredconditionals="0" methods="1" coveredmethods="1"/>
          <line num="4" count="66" type="stmt"/>
          <line num="7" count="66" type="stmt"/>
          <line num="8" count="66" type="stmt"/>
          <line num="12" count="13" type="stmt"/>
        </file>
        <file name="query.ts" path="/home/joe/programs/sql-lint/src/reader/query.ts">
          <metrics statements="6" coveredstatements="6" conditionals="0" coveredconditionals="0" methods="3" coveredmethods="3"/>
          <line num="4" count="74" type="stmt"/>
          <line num="8" count="22" type="stmt"/>
          <line num="10" count="22" type="stmt"/>
          <line num="11" count="25" type="stmt"/>
          <line num="14" count="22" type="stmt"/>
          <line num="18" count="14" type="stmt"/>
        </file>
        <file name="reader.ts" path="/home/joe/programs/sql-lint/src/reader/reader.ts">
          <metrics statements="34" coveredstatements="31" conditionals="15" coveredconditionals="14" methods="5" coveredmethods="3"/>
          <line num="1" count="13" type="stmt"/>
          <line num="2" count="13" type="stmt"/>
          <line num="3" count="13" type="stmt"/>
          <line num="8" count="13" type="stmt"/>
          <line num="9" count="0" type="stmt"/>
          <line num="10" count="0" type="stmt"/>
          <line num="13" count="13" type="stmt"/>
          <line num="14" count="34" type="stmt"/>
          <line num="15" count="34" type="stmt"/>
          <line num="16" count="34" type="stmt"/>
          <line num="17" count="34" type="stmt"/>
          <line num="18" count="34" type="stmt"/>
          <line num="20" count="34" type="stmt"/>
          <line num="22" count="34" type="stmt"/>
          <line num="23" count="763" type="cond" truecount="2" falsecount="0"/>
          <line num="24" count="744" type="stmt"/>
          <line num="27" count="763" type="cond" truecount="2" falsecount="0"/>
          <line num="28" count="19" type="cond" truecount="2" falsecount="0"/>
          <line num="29" count="12" type="stmt"/>
          <line num="31" count="19" type="stmt"/>
          <line num="32" count="19" type="stmt"/>
          <line num="35" count="763" type="cond" truecount="2" falsecount="0"/>
          <line num="36" count="34" type="cond" truecount="1" falsecount="1"/>
          <line num="37" count="34" type="stmt"/>
          <line num="39" count="34" type="stmt"/>
          <line num="40" count="34" type="stmt"/>
          <line num="41" count="34" type="stmt"/>
          <line num="45" count="34" type="stmt"/>
          <line num="54" count="34" type="stmt"/>
          <line num="57" count="53" type="cond" truecount="2" falsecount="0"/>
          <line num="62" count="3" type="stmt"/>
          <line num="64" count="50" type="stmt"/>
          <line num="75" count="13" type="stmt"/>
          <line num="76" count="0" type="stmt"/>
        </file>
      </package>
    </metrics>
  </project>
</coverage>
