{"/home/joe/programs/sql-lint/src/printer.ts": {"path":"/home/joe/programs/sql-lint/src/printer.ts","statementMap":{"0":{"start":{"line":5,"column":0},"end":{"line":5,"column":25}},"1":{"start":{"line":12,"column":4},"end":{"line":12,"column":31}},"2":{"start":{"line":13,"column":4},"end":{"line":13,"column":25}},"3":{"start":{"line":16,"column":19},"end":{"line":16,"column":43}},"4":{"start":{"line":18,"column":4},"end":{"line":24,"column":5}},"5":{"start":{"line":19,"column":28},"end":{"line":19,"column":66}},"6":{"start":{"line":20,"column":29},"end":{"line":20,"column":62}},"7":{"start":{"line":21,"column":32},"end":{"line":21,"column":66}},"8":{"start":{"line":22,"column":6},"end":{"line":22,"column":46}},"9":{"start":{"line":23,"column":6},"end":{"line":23,"column":56}},"10":{"start":{"line":26,"column":4},"end":{"line":28,"column":5}},"11":{"start":{"line":27,"column":6},"end":{"line":27,"column":58}},"12":{"start":{"line":30,"column":4},"end":{"line":32,"column":5}},"13":{"start":{"line":31,"column":6},"end":{"line":31,"column":51}},"14":{"start":{"line":36,"column":4},"end":{"line":36,"column":59}},"15":{"start":{"line":40,"column":9},"end":{"line":40,"column":16}}},"fnMap":{"0":{"name":"(anonymous_0)","decl":{"start":{"line":11,"column":2},"end":{"line":11,"column":13}},"loc":{"start":{"line":11,"column":48},"end":{"line":14,"column":3}}},"1":{"name":"(anonymous_1)","decl":{"start":{"line":15,"column":9},"end":{"line":15,"column":18}},"loc":{"start":{"line":15,"column":71},"end":{"line":33,"column":3}}},"2":{"name":"(anonymous_2)","decl":{"start":{"line":35,"column":9},"end":{"line":35,"column":29}},"loc":{"start":{"line":35,"column":43},"end":{"line":37,"column":3}}}},"branchMap":{"0":{"loc":{"start":{"line":18,"column":4},"end":{"line":24,"column":5}},"type":"if","locations":[{"start":{"line":18,"column":4},"end":{"line":24,"column":5}},{"start":{"line":18,"column":4},"end":{"line":24,"column":5}}]},"1":{"loc":{"start":{"line":26,"column":4},"end":{"line":28,"column":5}},"type":"if","locations":[{"start":{"line":26,"column":4},"end":{"line":28,"column":5}},{"start":{"line":26,"column":4},"end":{"line":28,"column":5}}]},"2":{"loc":{"start":{"line":30,"column":4},"end":{"line":32,"column":5}},"type":"if","locations":[{"start":{"line":30,"column":4},"end":{"line":32,"column":5}},{"start":{"line":30,"column":4},"end":{"line":32,"column":5}}]}},"s":{"0":2,"1":4,"2":4,"3":1,"4":1,"5":1,"6":1,"7":1,"8":1,"9":1,"10":1,"11":0,"12":1,"13":1,"14":1,"15":2},"f":{"0":4,"1":1,"2":1},"b":{"0":[1,0],"1":[0,1],"2":[1,0]}}
,"/home/joe/programs/sql-lint/src/barrel/checks.ts": {"path":"/home/joe/programs/sql-lint/src/barrel/checks.ts","statementMap":{"0":{"start":{"line":1,"column":0},"end":{"line":1,"column":61}},"1":{"start":{"line":2,"column":0},"end":{"line":2,"column":54}},"2":{"start":{"line":3,"column":0},"end":{"line":3,"column":57}},"3":{"start":{"line":4,"column":0},"end":{"line":4,"column":53}},"4":{"start":{"line":5,"column":0},"end":{"line":5,"column":55}},"5":{"start":{"line":6,"column":0},"end":{"line":6,"column":56}},"6":{"start":{"line":7,"column":0},"end":{"line":7,"column":55}}},"fnMap":{},"branchMap":{},"s":{"0":1,"1":1,"2":1,"3":1,"4":1,"5":1,"6":1},"f":{},"b":{}}
,"/home/joe/programs/sql-lint/src/barrel/statements.ts": {"path":"/home/joe/programs/sql-lint/src/barrel/statements.ts","statementMap":{"0":{"start":{"line":1,"column":0},"end":{"line":1,"column":43}},"1":{"start":{"line":2,"column":0},"end":{"line":2,"column":41}},"2":{"start":{"line":3,"column":0},"end":{"line":3,"column":43}},"3":{"start":{"line":4,"column":0},"end":{"line":4,"column":40}}},"fnMap":{},"branchMap":{},"s":{"0":15,"1":15,"2":15,"3":15},"f":{},"b":{}}
,"/home/joe/programs/sql-lint/src/checker/checkerResult.ts": {"path":"/home/joe/programs/sql-lint/src/checker/checkerResult.ts","statementMap":{"0":{"start":{"line":16,"column":4},"end":{"line":16,"column":21}},"1":{"start":{"line":17,"column":4},"end":{"line":17,"column":27}},"2":{"start":{"line":21,"column":9},"end":{"line":21,"column":22}}},"fnMap":{"0":{"name":"(anonymous_0)","decl":{"start":{"line":15,"column":2},"end":{"line":15,"column":13}},"loc":{"start":{"line":15,"column":43},"end":{"line":18,"column":3}}}},"branchMap":{},"s":{"0":19,"1":19,"2":11},"f":{"0":19},"b":{}}
,"/home/joe/programs/sql-lint/src/checker/checkerRunner.ts": {"path":"/home/joe/programs/sql-lint/src/checker/checkerRunner.ts","statementMap":{"0":{"start":{"line":4,"column":0},"end":{"line":4,"column":41}},"1":{"start":{"line":5,"column":0},"end":{"line":5,"column":53}},"2":{"start":{"line":6,"column":0},"end":{"line":13,"column":25}},"3":{"start":{"line":27,"column":19},"end":{"line":27,"column":42}},"4":{"start":{"line":29,"column":4},"end":{"line":46,"column":7}},"5":{"start":{"line":30,"column":22},"end":{"line":30,"column":47}},"6":{"start":{"line":32,"column":6},"end":{"line":45,"column":7}},"7":{"start":{"line":33,"column":25},"end":{"line":33,"column":44}},"8":{"start":{"line":34,"column":33},"end":{"line":34,"column":48}},"9":{"start":{"line":36,"column":8},"end":{"line":44,"column":9}},"10":{"start":{"line":37,"column":10},"end":{"line":37,"column":69}},"11":{"start":{"line":38,"column":15},"end":{"line":44,"column":9}},"12":{"start":{"line":39,"column":10},"end":{"line":39,"column":69}},"13":{"start":{"line":40,"column":15},"end":{"line":44,"column":9}},"14":{"start":{"line":41,"column":10},"end":{"line":41,"column":74}},"15":{"start":{"line":42,"column":15},"end":{"line":44,"column":9}},"16":{"start":{"line":43,"column":10},"end":{"line":43,"column":76}},"17":{"start":{"line":55,"column":19},"end":{"line":55,"column":42}},"18":{"start":{"line":57,"column":4},"end":{"line":84,"column":7}},"19":{"start":{"line":58,"column":22},"end":{"line":58,"column":47}},"20":{"start":{"line":60,"column":6},"end":{"line":83,"column":7}},"21":{"start":{"line":61,"column":25},"end":{"line":61,"column":44}},"22":{"start":{"line":62,"column":33},"end":{"line":62,"column":48}},"23":{"start":{"line":64,"column":8},"end":{"line":67,"column":11}},"24":{"start":{"line":65,"column":26},"end":{"line":65,"column":49}},"25":{"start":{"line":66,"column":10},"end":{"line":66,"column":57}},"26":{"start":{"line":69,"column":8},"end":{"line":82,"column":9}},"27":{"start":{"line":70,"column":10},"end":{"line":70,"column":69}},"28":{"start":{"line":71,"column":15},"end":{"line":82,"column":9}},"29":{"start":{"line":72,"column":10},"end":{"line":75,"column":13}},"30":{"start":{"line":73,"column":28},"end":{"line":73,"column":57}},"31":{"start":{"line":74,"column":12},"end":{"line":74,"column":59}},"32":{"start":{"line":76,"column":15},"end":{"line":82,"column":9}},"33":{"start":{"line":77,"column":10},"end":{"line":77,"column":69}},"34":{"start":{"line":78,"column":15},"end":{"line":82,"column":9}},"35":{"start":{"line":79,"column":10},"end":{"line":79,"column":74}},"36":{"start":{"line":80,"column":15},"end":{"line":82,"column":9}},"37":{"start":{"line":81,"column":10},"end":{"line":81,"column":76}},"38":{"start":{"line":93,"column":4},"end":{"line":95,"column":5}},"39":{"start":{"line":94,"column":6},"end":{"line":94,"column":75}},"40":{"start":{"line":97,"column":4},"end":{"line":97,"column":61}},"41":{"start":{"line":101,"column":4},"end":{"line":106,"column":6}},"42":{"start":{"line":110,"column":9},"end":{"line":110,"column":22}}},"fnMap":{"0":{"name":"(anonymous_0)","decl":{"start":{"line":22,"column":9},"end":{"line":22,"column":23}},"loc":{"start":{"line":25,"column":18},"end":{"line":47,"column":3}}},"1":{"name":"(anonymous_1)","decl":{"start":{"line":29,"column":23},"end":{"line":29,"column":24}},"loc":{"start":{"line":29,"column":38},"end":{"line":46,"column":5}}},"2":{"name":"(anonymous_2)","decl":{"start":{"line":49,"column":9},"end":{"line":49,"column":25}},"loc":{"start":{"line":53,"column":18},"end":{"line":85,"column":3}}},"3":{"name":"(anonymous_3)","decl":{"start":{"line":57,"column":23},"end":{"line":57,"column":24}},"loc":{"start":{"line":57,"column":38},"end":{"line":84,"column":5}}},"4":{"name":"(anonymous_4)","decl":{"start":{"line":64,"column":57},"end":{"line":64,"column":58}},"loc":{"start":{"line":64,"column":74},"end":{"line":67,"column":9}}},"5":{"name":"(anonymous_5)","decl":{"start":{"line":72,"column":53},"end":{"line":72,"column":54}},"loc":{"start":{"line":72,"column":70},"end":{"line":75,"column":11}}},"6":{"name":"(anonymous_6)","decl":{"start":{"line":87,"column":9},"end":{"line":87,"column":11}},"loc":{"start":{"line":91,"column":23},"end":{"line":98,"column":3}}},"7":{"name":"(anonymous_7)","decl":{"start":{"line":100,"column":10},"end":{"line":100,"column":25}},"loc":{"start":{"line":100,"column":26},"end":{"line":107,"column":3}}}},"branchMap":{"0":{"loc":{"start":{"line":32,"column":6},"end":{"line":45,"column":7}},"type":"if","locations":[{"start":{"line":32,"column":6},"end":{"line":45,"column":7}},{"start":{"line":32,"column":6},"end":{"line":45,"column":7}}]},"1":{"loc":{"start":{"line":36,"column":8},"end":{"line":44,"column":9}},"type":"if","locations":[{"start":{"line":36,"column":8},"end":{"line":44,"column":9}},{"start":{"line":36,"column":8},"end":{"line":44,"column":9}}]},"2":{"loc":{"start":{"line":38,"column":15},"end":{"line":44,"column":9}},"type":"if","locations":[{"start":{"line":38,"column":15},"end":{"line":44,"column":9}},{"start":{"line":38,"column":15},"end":{"line":44,"column":9}}]},"3":{"loc":{"start":{"line":40,"column":15},"end":{"line":44,"column":9}},"type":"if","locations":[{"start":{"line":40,"column":15},"end":{"line":44,"column":9}},{"start":{"line":40,"column":15},"end":{"line":44,"column":9}}]},"4":{"loc":{"start":{"line":42,"column":15},"end":{"line":44,"column":9}},"type":"if","locations":[{"start":{"line":42,"column":15},"end":{"line":44,"column":9}},{"start":{"line":42,"column":15},"end":{"line":44,"column":9}}]},"5":{"loc":{"start":{"line":60,"column":6},"end":{"line":83,"column":7}},"type":"if","locations":[{"start":{"line":60,"column":6},"end":{"line":83,"column":7}},{"start":{"line":60,"column":6},"end":{"line":83,"column":7}}]},"6":{"loc":{"start":{"line":69,"column":8},"end":{"line":82,"column":9}},"type":"if","locations":[{"start":{"line":69,"column":8},"end":{"line":82,"column":9}},{"start":{"line":69,"column":8},"end":{"line":82,"column":9}}]},"7":{"loc":{"start":{"line":71,"column":15},"end":{"line":82,"column":9}},"type":"if","locations":[{"start":{"line":71,"column":15},"end":{"line":82,"column":9}},{"start":{"line":71,"column":15},"end":{"line":82,"column":9}}]},"8":{"loc":{"start":{"line":76,"column":15},"end":{"line":82,"column":9}},"type":"if","locations":[{"start":{"line":76,"column":15},"end":{"line":82,"column":9}},{"start":{"line":76,"column":15},"end":{"line":82,"column":9}}]},"9":{"loc":{"start":{"line":78,"column":15},"end":{"line":82,"column":9}},"type":"if","locations":[{"start":{"line":78,"column":15},"end":{"line":82,"column":9}},{"start":{"line":78,"column":15},"end":{"line":82,"column":9}}]},"10":{"loc":{"start":{"line":80,"column":15},"end":{"line":82,"column":9}},"type":"if","locations":[{"start":{"line":80,"column":15},"end":{"line":82,"column":9}},{"start":{"line":80,"column":15},"end":{"line":82,"column":9}}]},"11":{"loc":{"start":{"line":93,"column":4},"end":{"line":95,"column":5}},"type":"if","locations":[{"start":{"line":93,"column":4},"end":{"line":95,"column":5}},{"start":{"line":93,"column":4},"end":{"line":95,"column":5}}]}},"s":{"0":1,"1":1,"2":1,"3":1,"4":1,"5":0,"6":0,"7":0,"8":0,"9":0,"10":0,"11":0,"12":0,"13":0,"14":0,"15":0,"16":0,"17":0,"18":0,"19":0,"20":0,"21":0,"22":0,"23":0,"24":0,"25":0,"26":0,"27":0,"28":0,"29":0,"30":0,"31":0,"32":0,"33":0,"34":0,"35":0,"36":0,"37":0,"38":2,"39":0,"40":2,"41":1,"42":1},"f":{"0":1,"1":0,"2":0,"3":0,"4":0,"5":0,"6":2,"7":1},"b":{"0":[0,0],"1":[0,0],"2":[0,0],"3":[0,0],"4":[0,0],"5":[0,0],"6":[0,0],"7":[0,0],"8":[0,0],"9":[0,0],"10":[0,0],"11":[0,2]}}
,"/home/joe/programs/sql-lint/src/checker/nullChecker.ts": {"path":"/home/joe/programs/sql-lint/src/checker/nullChecker.ts","statementMap":{"0":{"start":{"line":2,"column":0},"end":{"line":2,"column":47}},"1":{"start":{"line":6,"column":9},"end":{"line":6,"column":30}},"2":{"start":{"line":9,"column":4},"end":{"line":9,"column":46}},"3":{"start":{"line":13,"column":9},"end":{"line":13,"column":20}}},"fnMap":{"0":{"name":"(anonymous_0)","decl":{"start":{"line":5,"column":0},"end":{"line":null,"column":-1}},"loc":{"start":{"line":5,"column":0},"end":{"line":11,"column":1}}},"1":{"name":"(anonymous_1)","decl":{"start":{"line":8,"column":9},"end":{"line":8,"column":13}},"loc":{"start":{"line":8,"column":27},"end":{"line":10,"column":3}}}},"branchMap":{},"s":{"0":1,"1":1,"2":1,"3":1},"f":{"0":1,"1":1},"b":{}}
,"/home/joe/programs/sql-lint/src/checker/checks/create/invalidCreateOption.ts": {"path":"/home/joe/programs/sql-lint/src/checker/checks/create/invalidCreateOption.ts","statementMap":{"0":{"start":{"line":12,"column":0},"end":{"line":12,"column":51}},"1":{"start":{"line":14,"column":0},"end":{"line":14,"column":45}},"2":{"start":{"line":15,"column":0},"end":{"line":15,"column":36}},"3":{"start":{"line":16,"column":0},"end":{"line":16,"column":51}},"4":{"start":{"line":19,"column":9},"end":{"line":19,"column":76}},"5":{"start":{"line":22,"column":28},"end":{"line":22,"column":40}},"6":{"start":{"line":24,"column":4},"end":{"line":40,"column":5}},"7":{"start":{"line":25,"column":6},"end":{"line":39,"column":7}},"8":{"start":{"line":26,"column":8},"end":{"line":38,"column":9}},"9":{"start":{"line":30,"column":10},"end":{"line":37,"column":12}},"10":{"start":{"line":42,"column":4},"end":{"line":42,"column":36}},"11":{"start":{"line":46,"column":9},"end":{"line":46,"column":28}}},"fnMap":{"0":{"name":"(anonymous_0)","decl":{"start":{"line":18,"column":0},"end":{"line":null,"column":-1}},"loc":{"start":{"line":18,"column":0},"end":{"line":44,"column":1}}},"1":{"name":"(anonymous_1)","decl":{"start":{"line":21,"column":9},"end":{"line":21,"column":13}},"loc":{"start":{"line":21,"column":27},"end":{"line":43,"column":3}}}},"branchMap":{"0":{"loc":{"start":{"line":26,"column":8},"end":{"line":38,"column":9}},"type":"if","locations":[{"start":{"line":26,"column":8},"end":{"line":38,"column":9}},{"start":{"line":26,"column":8},"end":{"line":38,"column":9}}]},"1":{"loc":{"start":{"line":27,"column":10},"end":{"line":27,"column":35}},"type":"binary-expr","locations":[{"start":{"line":27,"column":10},"end":{"line":27,"column":35}},{"start":{"line":28,"column":10},"end":{"line":28,"column":53}}]}},"s":{"0":2,"1":2,"2":2,"3":2,"4":3,"5":2,"6":2,"7":2,"8":4,"9":1,"10":1,"11":2},"f":{"0":3,"1":2},"b":{"0":[1,3],"1":[4,2]}}
,"/home/joe/programs/sql-lint/src/checker/checks/delete/missingWhere.ts": {"path":"/home/joe/programs/sql-lint/src/checker/checks/delete/missingWhere.ts","statementMap":{"0":{"start":{"line":2,"column":0},"end":{"line":2,"column":51}},"1":{"start":{"line":6,"column":9},"end":{"line":6,"column":56}},"2":{"start":{"line":9,"column":4},"end":{"line":17,"column":5}},"3":{"start":{"line":15,"column":25},"end":{"line":15,"column":43}},"4":{"start":{"line":16,"column":6},"end":{"line":16,"column":57}},"5":{"start":{"line":18,"column":4},"end":{"line":18,"column":36}},"6":{"start":{"line":22,"column":9},"end":{"line":22,"column":21}}},"fnMap":{"0":{"name":"(anonymous_0)","decl":{"start":{"line":5,"column":0},"end":{"line":null,"column":-1}},"loc":{"start":{"line":5,"column":0},"end":{"line":20,"column":1}}},"1":{"name":"(anonymous_1)","decl":{"start":{"line":8,"column":9},"end":{"line":8,"column":13}},"loc":{"start":{"line":8,"column":27},"end":{"line":19,"column":3}}}},"branchMap":{"0":{"loc":{"start":{"line":9,"column":4},"end":{"line":17,"column":5}},"type":"if","locations":[{"start":{"line":9,"column":4},"end":{"line":17,"column":5}},{"start":{"line":9,"column":4},"end":{"line":17,"column":5}}]}},"s":{"0":2,"1":3,"2":2,"3":1,"4":1,"5":1,"6":2},"f":{"0":3,"1":2},"b":{"0":[1,1]}}
,"/home/joe/programs/sql-lint/src/checker/checks/drop/invalidDropOption.ts": {"path":"/home/joe/programs/sql-lint/src/checker/checks/drop/invalidDropOption.ts","statementMap":{"0":{"start":{"line":12,"column":0},"end":{"line":12,"column":51}},"1":{"start":{"line":14,"column":0},"end":{"line":14,"column":45}},"2":{"start":{"line":15,"column":0},"end":{"line":15,"column":36}},"3":{"start":{"line":16,"column":0},"end":{"line":16,"column":49}},"4":{"start":{"line":19,"column":9},"end":{"line":19,"column":76}},"5":{"start":{"line":22,"column":26},"end":{"line":22,"column":36}},"6":{"start":{"line":24,"column":4},"end":{"line":40,"column":5}},"7":{"start":{"line":25,"column":6},"end":{"line":39,"column":7}},"8":{"start":{"line":26,"column":8},"end":{"line":38,"column":9}},"9":{"start":{"line":30,"column":10},"end":{"line":37,"column":12}},"10":{"start":{"line":42,"column":4},"end":{"line":42,"column":36}},"11":{"start":{"line":46,"column":9},"end":{"line":46,"column":26}}},"fnMap":{"0":{"name":"(anonymous_0)","decl":{"start":{"line":18,"column":0},"end":{"line":null,"column":-1}},"loc":{"start":{"line":18,"column":0},"end":{"line":44,"column":1}}},"1":{"name":"(anonymous_1)","decl":{"start":{"line":21,"column":9},"end":{"line":21,"column":13}},"loc":{"start":{"line":21,"column":27},"end":{"line":43,"column":3}}}},"branchMap":{"0":{"loc":{"start":{"line":26,"column":8},"end":{"line":38,"column":9}},"type":"if","locations":[{"start":{"line":26,"column":8},"end":{"line":38,"column":9}},{"start":{"line":26,"column":8},"end":{"line":38,"column":9}}]},"1":{"loc":{"start":{"line":27,"column":10},"end":{"line":27,"column":35}},"type":"binary-expr","locations":[{"start":{"line":27,"column":10},"end":{"line":27,"column":35}},{"start":{"line":28,"column":10},"end":{"line":28,"column":51}}]}},"s":{"0":2,"1":2,"2":2,"3":2,"4":3,"5":2,"6":2,"7":2,"8":4,"9":1,"10":1,"11":2},"f":{"0":3,"1":2},"b":{"0":[1,3],"1":[4,2]}}
,"/home/joe/programs/sql-lint/src/checker/checks/generic/mySqlError.ts": {"path":"/home/joe/programs/sql-lint/src/checker/checks/generic/mySqlError.ts","statementMap":{"0":{"start":{"line":2,"column":0},"end":{"line":2,"column":51}},"1":{"start":{"line":10,"column":9},"end":{"line":10,"column":22}},"2":{"start":{"line":13,"column":4},"end":{"line":13,"column":25}},"3":{"start":{"line":17,"column":30},"end":{"line":17,"column":71}},"4":{"start":{"line":19,"column":4},"end":{"line":23,"column":5}},"5":{"start":{"line":20,"column":25},"end":{"line":20,"column":43}},"6":{"start":{"line":21,"column":22},"end":{"line":21,"column":57}},"7":{"start":{"line":22,"column":6},"end":{"line":22,"column":52}},"8":{"start":{"line":25,"column":4},"end":{"line":25,"column":36}},"9":{"start":{"line":29,"column":4},"end":{"line":29,"column":49}},"10":{"start":{"line":33,"column":9},"end":{"line":33,"column":19}}},"fnMap":{"0":{"name":"(anonymous_0)","decl":{"start":{"line":12,"column":2},"end":{"line":12,"column":13}},"loc":{"start":{"line":12,"column":25},"end":{"line":14,"column":3}}},"1":{"name":"(anonymous_1)","decl":{"start":{"line":16,"column":9},"end":{"line":16,"column":13}},"loc":{"start":{"line":16,"column":27},"end":{"line":26,"column":3}}},"2":{"name":"(anonymous_2)","decl":{"start":{"line":28,"column":10},"end":{"line":28,"column":26}},"loc":{"start":{"line":28,"column":38},"end":{"line":30,"column":3}}}},"branchMap":{"0":{"loc":{"start":{"line":19,"column":4},"end":{"line":23,"column":5}},"type":"if","locations":[{"start":{"line":19,"column":4},"end":{"line":23,"column":5}},{"start":{"line":19,"column":4},"end":{"line":23,"column":5}}]}},"s":{"0":2,"1":2,"2":2,"3":2,"4":2,"5":1,"6":1,"7":1,"8":1,"9":1,"10":2},"f":{"0":2,"1":2,"2":1},"b":{"0":[1,1]}}
,"/home/joe/programs/sql-lint/src/checker/checks/generic/oddCodePoint.ts": {"path":"/home/joe/programs/sql-lint/src/checker/checks/generic/oddCodePoint.ts","statementMap":{"0":{"start":{"line":2,"column":0},"end":{"line":2,"column":51}},"1":{"start":{"line":6,"column":9},"end":{"line":6,"column":36}},"2":{"start":{"line":8,"column":26},"end":{"line":8,"column":33}},"3":{"start":{"line":10,"column":4},"end":{"line":17,"column":5}},"4":{"start":{"line":11,"column":24},"end":{"line":11,"column":43}},"5":{"start":{"line":13,"column":6},"end":{"line":16,"column":7}},"6":{"start":{"line":14,"column":27},"end":{"line":14,"column":45}},"7":{"start":{"line":15,"column":8},"end":{"line":15,"column":59}},"8":{"start":{"line":18,"column":4},"end":{"line":18,"column":36}},"9":{"start":{"line":22,"column":9},"end":{"line":22,"column":21}}},"fnMap":{"0":{"name":"(anonymous_0)","decl":{"start":{"line":5,"column":0},"end":{"line":null,"column":-1}},"loc":{"start":{"line":5,"column":0},"end":{"line":20,"column":1}}},"1":{"name":"(anonymous_1)","decl":{"start":{"line":7,"column":9},"end":{"line":7,"column":13}},"loc":{"start":{"line":7,"column":27},"end":{"line":19,"column":3}}}},"branchMap":{"0":{"loc":{"start":{"line":13,"column":6},"end":{"line":16,"column":7}},"type":"if","locations":[{"start":{"line":13,"column":6},"end":{"line":16,"column":7}},{"start":{"line":13,"column":6},"end":{"line":16,"column":7}}]},"1":{"loc":{"start":{"line":13,"column":10},"end":{"line":13,"column":33}},"type":"binary-expr","locations":[{"start":{"line":13,"column":10},"end":{"line":13,"column":33}},{"start":{"line":13,"column":37},"end":{"line":13,"column":70}}]}},"s":{"0":2,"1":4,"2":3,"3":3,"4":94,"5":94,"6":1,"7":1,"8":2,"9":2},"f":{"0":4,"1":3},"b":{"0":[1,93],"1":[94,94]}}
,"/home/joe/programs/sql-lint/src/checker/checks/generic/tableNotFound.ts": {"path":"/home/joe/programs/sql-lint/src/checker/checks/generic/tableNotFound.ts","statementMap":{"0":{"start":{"line":1,"column":0},"end":{"line":1,"column":60}},"1":{"start":{"line":3,"column":0},"end":{"line":3,"column":51}},"2":{"start":{"line":5,"column":0},"end":{"line":5,"column":45}},"3":{"start":{"line":6,"column":0},"end":{"line":6,"column":36}},"4":{"start":{"line":9,"column":9},"end":{"line":9,"column":65}},"5":{"start":{"line":13,"column":4},"end":{"line":13,"column":43}},"6":{"start":{"line":17,"column":4},"end":{"line":33,"column":5}},"7":{"start":{"line":18,"column":6},"end":{"line":32,"column":7}},"8":{"start":{"line":19,"column":8},"end":{"line":31,"column":9}},"9":{"start":{"line":20,"column":28},"end":{"line":20,"column":59}},"10":{"start":{"line":22,"column":10},"end":{"line":30,"column":11}},"11":{"start":{"line":26,"column":12},"end":{"line":29,"column":14}},"12":{"start":{"line":35,"column":4},"end":{"line":35,"column":36}},"13":{"start":{"line":39,"column":34},"end":{"line":39,"column":36}},"14":{"start":{"line":40,"column":4},"end":{"line":45,"column":5}},"15":{"start":{"line":41,"column":31},"end":{"line":41,"column":53}},"16":{"start":{"line":42,"column":6},"end":{"line":44,"column":7}},"17":{"start":{"line":43,"column":8},"end":{"line":43,"column":37}},"18":{"start":{"line":46,"column":4},"end":{"line":46,"column":23}},"19":{"start":{"line":50,"column":9},"end":{"line":50,"column":22}}},"fnMap":{"0":{"name":"(anonymous_0)","decl":{"start":{"line":12,"column":2},"end":{"line":12,"column":13}},"loc":{"start":{"line":12,"column":27},"end":{"line":14,"column":3}}},"1":{"name":"(anonymous_1)","decl":{"start":{"line":16,"column":9},"end":{"line":16,"column":13}},"loc":{"start":{"line":16,"column":27},"end":{"line":36,"column":3}}},"2":{"name":"(anonymous_2)","decl":{"start":{"line":38,"column":10},"end":{"line":38,"column":20}},"loc":{"start":{"line":38,"column":33},"end":{"line":47,"column":3}}}},"branchMap":{"0":{"loc":{"start":{"line":19,"column":8},"end":{"line":31,"column":9}},"type":"if","locations":[{"start":{"line":19,"column":8},"end":{"line":31,"column":9}},{"start":{"line":19,"column":8},"end":{"line":31,"column":9}}]},"1":{"loc":{"start":{"line":22,"column":10},"end":{"line":30,"column":11}},"type":"if","locations":[{"start":{"line":22,"column":10},"end":{"line":30,"column":11}},{"start":{"line":22,"column":10},"end":{"line":30,"column":11}}]},"2":{"loc":{"start":{"line":23,"column":12},"end":{"line":23,"column":50}},"type":"binary-expr","locations":[{"start":{"line":23,"column":12},"end":{"line":23,"column":50}},{"start":{"line":24,"column":12},"end":{"line":24,"column":35}}]},"3":{"loc":{"start":{"line":42,"column":6},"end":{"line":44,"column":7}},"type":"if","locations":[{"start":{"line":42,"column":6},"end":{"line":44,"column":7}},{"start":{"line":42,"column":6},"end":{"line":44,"column":7}}]}},"s":{"0":2,"1":2,"2":2,"3":2,"4":1,"5":1,"6":1,"7":1,"8":4,"9":2,"10":2,"11":1,"12":0,"13":1,"14":1,"15":1,"16":1,"17":1,"18":1,"19":2},"f":{"0":1,"1":1,"2":1},"b":{"0":[2,2],"1":[1,1],"2":[2,2],"3":[1,0]}}
,"/home/joe/programs/sql-lint/src/checker/checks/use/databaseNotFound.ts": {"path":"/home/joe/programs/sql-lint/src/checker/checks/use/databaseNotFound.ts","statementMap":{"0":{"start":{"line":2,"column":0},"end":{"line":2,"column":51}},"1":{"start":{"line":4,"column":0},"end":{"line":4,"column":45}},"2":{"start":{"line":5,"column":0},"end":{"line":5,"column":36}},"3":{"start":{"line":8,"column":9},"end":{"line":8,"column":51}},"4":{"start":{"line":12,"column":4},"end":{"line":12,"column":62}},"5":{"start":{"line":12,"column":45},"end":{"line":12,"column":60}},"6":{"start":{"line":15,"column":4},"end":{"line":24,"column":5}},"7":{"start":{"line":16,"column":6},"end":{"line":23,"column":7}},"8":{"start":{"line":17,"column":8},"end":{"line":22,"column":9}},"9":{"start":{"line":18,"column":27},"end":{"line":18,"column":35}},"10":{"start":{"line":19,"column":10},"end":{"line":21,"column":11}},"11":{"start":{"line":20,"column":12},"end":{"line":20,"column":80}},"12":{"start":{"line":26,"column":4},"end":{"line":26,"column":36}},"13":{"start":{"line":30,"column":9},"end":{"line":30,"column":25}}},"fnMap":{"0":{"name":"(anonymous_0)","decl":{"start":{"line":11,"column":2},"end":{"line":11,"column":13}},"loc":{"start":{"line":11,"column":30},"end":{"line":13,"column":3}}},"1":{"name":"(anonymous_1)","decl":{"start":{"line":12,"column":35},"end":{"line":12,"column":40}},"loc":{"start":{"line":12,"column":45},"end":{"line":12,"column":60}}},"2":{"name":"(anonymous_2)","decl":{"start":{"line":14,"column":9},"end":{"line":14,"column":13}},"loc":{"start":{"line":14,"column":27},"end":{"line":27,"column":3}}}},"branchMap":{"0":{"loc":{"start":{"line":17,"column":8},"end":{"line":22,"column":9}},"type":"if","locations":[{"start":{"line":17,"column":8},"end":{"line":22,"column":9}},{"start":{"line":17,"column":8},"end":{"line":22,"column":9}}]},"1":{"loc":{"start":{"line":19,"column":10},"end":{"line":21,"column":11}},"type":"if","locations":[{"start":{"line":19,"column":10},"end":{"line":21,"column":11}},{"start":{"line":19,"column":10},"end":{"line":21,"column":11}}]},"2":{"loc":{"start":{"line":19,"column":14},"end":{"line":19,"column":48}},"type":"binary-expr","locations":[{"start":{"line":19,"column":14},"end":{"line":19,"column":48}},{"start":{"line":19,"column":52},"end":{"line":19,"column":68}}]}},"s":{"0":2,"1":2,"2":2,"3":4,"4":4,"5":4,"6":4,"7":4,"8":8,"9":4,"10":4,"11":2,"12":2,"13":2},"f":{"0":4,"1":4,"2":4},"b":{"0":[4,4],"1":[2,2],"2":[4,2]}}
,"/home/joe/programs/sql-lint/src/formatter/formatterFactory.ts": {"path":"/home/joe/programs/sql-lint/src/formatter/formatterFactory.ts","statementMap":{"0":{"start":{"line":2,"column":0},"end":{"line":2,"column":47}},"1":{"start":{"line":3,"column":0},"end":{"line":3,"column":43}},"2":{"start":{"line":7,"column":29},"end":{"line":7,"column":47}},"3":{"start":{"line":9,"column":50},"end":{"line":12,"column":5}},"4":{"start":{"line":14,"column":4},"end":{"line":16,"column":5}},"5":{"start":{"line":15,"column":6},"end":{"line":15,"column":36}},"6":{"start":{"line":18,"column":4},"end":{"line":18,"column":21}},"7":{"start":{"line":22,"column":9},"end":{"line":22,"column":25}}},"fnMap":{"0":{"name":"(anonymous_0)","decl":{"start":{"line":6,"column":9},"end":{"line":6,"column":13}},"loc":{"start":{"line":6,"column":29},"end":{"line":19,"column":3}}}},"branchMap":{"0":{"loc":{"start":{"line":14,"column":4},"end":{"line":16,"column":5}},"type":"if","locations":[{"start":{"line":14,"column":4},"end":{"line":16,"column":5}},{"start":{"line":14,"column":4},"end":{"line":16,"column":5}}]}},"s":{"0":1,"1":1,"2":4,"3":4,"4":4,"5":2,"6":4,"7":1},"f":{"0":4},"b":{"0":[2,2]}}
,"/home/joe/programs/sql-lint/src/formatter/formats/json.ts": {"path":"/home/joe/programs/sql-lint/src/formatter/formats/json.ts","statementMap":{"0":{"start":{"line":6,"column":20},"end":{"line":10,"column":5}},"1":{"start":{"line":11,"column":4},"end":{"line":11,"column":35}},"2":{"start":{"line":15,"column":9},"end":{"line":15,"column":19}}},"fnMap":{"0":{"name":"(anonymous_0)","decl":{"start":{"line":5,"column":9},"end":{"line":5,"column":18}},"loc":{"start":{"line":5,"column":57},"end":{"line":12,"column":3}}}},"branchMap":{},"s":{"0":1,"1":1,"2":2},"f":{"0":1},"b":{}}
,"/home/joe/programs/sql-lint/src/formatter/formats/simple.ts": {"path":"/home/joe/programs/sql-lint/src/formatter/formats/simple.ts","statementMap":{"0":{"start":{"line":6,"column":4},"end":{"line":6,"column":56}},"1":{"start":{"line":10,"column":9},"end":{"line":10,"column":21}}},"fnMap":{"0":{"name":"(anonymous_0)","decl":{"start":{"line":5,"column":9},"end":{"line":5,"column":18}},"loc":{"start":{"line":5,"column":57},"end":{"line":7,"column":3}}}},"branchMap":{},"s":{"0":1,"1":4},"f":{"0":1},"b":{}}
,"/home/joe/programs/sql-lint/src/lexer/lexer.ts": {"path":"/home/joe/programs/sql-lint/src/lexer/lexer.ts","statementMap":{"0":{"start":{"line":2,"column":0},"end":{"line":2,"column":34}},"1":{"start":{"line":3,"column":0},"end":{"line":3,"column":53}},"2":{"start":{"line":6,"column":2},"end":{"line":6,"column":37}},"3":{"start":{"line":9,"column":59},"end":{"line":9,"column":73}},"4":{"start":{"line":11,"column":17},"end":{"line":13,"column":3}},"5":{"start":{"line":12,"column":4},"end":{"line":12,"column":44}},"6":{"start":{"line":15,"column":2},"end":{"line":17,"column":3}},"7":{"start":{"line":16,"column":4},"end":{"line":16,"column":33}},"8":{"start":{"line":19,"column":2},"end":{"line":23,"column":4}},"9":{"start":{"line":92,"column":9},"end":{"line":92,"column":19}},"10":{"start":{"line":27,"column":19},"end":{"line":27,"column":49}},"11":{"start":{"line":28,"column":27},"end":{"line":28,"column":49}},"12":{"start":{"line":29,"column":20},"end":{"line":29,"column":52}},"13":{"start":{"line":31,"column":2},"end":{"line":31,"column":28}},"14":{"start":{"line":33,"column":2},"end":{"line":33,"column":35}},"15":{"start":{"line":92,"column":21},"end":{"line":92,"column":29}},"16":{"start":{"line":64,"column":21},"end":{"line":64,"column":46}},"17":{"start":{"line":65,"column":35},"end":{"line":78,"column":3}},"18":{"start":{"line":80,"column":2},"end":{"line":80,"column":48}},"19":{"start":{"line":92,"column":31},"end":{"line":92,"column":52}},"20":{"start":{"line":89,"column":2},"end":{"line":89,"column":53}},"21":{"start":{"line":92,"column":54},"end":{"line":92,"column":77}}},"fnMap":{"0":{"name":"categorise","decl":{"start":{"line":5,"column":9},"end":{"line":5,"column":19}},"loc":{"start":{"line":5,"column":33},"end":{"line":24,"column":1}}},"1":{"name":"(anonymous_1)","decl":{"start":{"line":11,"column":43},"end":{"line":11,"column":49}},"loc":{"start":{"line":12,"column":4},"end":{"line":12,"column":44}}},"2":{"name":"tokenise","decl":{"start":{"line":26,"column":9},"end":{"line":26,"column":17}},"loc":{"start":{"line":26,"column":30},"end":{"line":34,"column":1}}},"3":{"name":"extractTableReference","decl":{"start":{"line":63,"column":9},"end":{"line":63,"column":30}},"loc":{"start":{"line":63,"column":53},"end":{"line":81,"column":1}}},"4":{"name":"cleanUnquotedIdentifier","decl":{"start":{"line":87,"column":9},"end":{"line":87,"column":32}},"loc":{"start":{"line":87,"column":51},"end":{"line":90,"column":1}}}},"branchMap":{"0":{"loc":{"start":{"line":15,"column":2},"end":{"line":17,"column":3}},"type":"if","locations":[{"start":{"line":15,"column":2},"end":{"line":17,"column":3}},{"start":{"line":15,"column":2},"end":{"line":17,"column":3}}]}},"s":{"0":15,"1":15,"2":24,"3":24,"4":24,"5":238,"6":24,"7":24,"8":0,"9":15,"10":16,"11":16,"12":16,"13":16,"14":16,"15":15,"16":5,"17":5,"18":5,"19":15,"20":77,"21":15},"f":{"0":24,"1":238,"2":16,"3":5,"4":77},"b":{"0":[24,0]}}
,"/home/joe/programs/sql-lint/src/lexer/statementFactory.ts": {"path":"/home/joe/programs/sql-lint/src/lexer/statementFactory.ts","statementMap":{"0":{"start":{"line":2,"column":0},"end":{"line":2,"column":64}},"1":{"start":{"line":6,"column":25},"end":{"line":6,"column":37}},"2":{"start":{"line":8,"column":52},"end":{"line":13,"column":5}},"3":{"start":{"line":15,"column":4},"end":{"line":17,"column":5}},"4":{"start":{"line":16,"column":6},"end":{"line":16,"column":47}},"5":{"start":{"line":19,"column":4},"end":{"line":19,"column":26}},"6":{"start":{"line":23,"column":9},"end":{"line":23,"column":25}}},"fnMap":{"0":{"name":"(anonymous_0)","decl":{"start":{"line":5,"column":9},"end":{"line":5,"column":13}},"loc":{"start":{"line":5,"column":32},"end":{"line":20,"column":3}}}},"branchMap":{"0":{"loc":{"start":{"line":15,"column":4},"end":{"line":17,"column":5}},"type":"if","locations":[{"start":{"line":15,"column":4},"end":{"line":17,"column":5}},{"start":{"line":15,"column":4},"end":{"line":17,"column":5}}]}},"s":{"0":15,"1":22,"2":22,"3":22,"4":18,"5":22,"6":15},"f":{"0":22},"b":{"0":[18,4]}}
,"/home/joe/programs/sql-lint/src/lexer/tokens.ts": {"path":"/home/joe/programs/sql-lint/src/lexer/tokens.ts","statementMap":{"0":{"start":{"line":1,"column":13},"end":{"line":21,"column":2}},"1":{"start":{"line":23,"column":0},"end":{"line":28,"column":1}},"2":{"start":{"line":24,"column":2},"end":{"line":24,"column":21}},"3":{"start":{"line":25,"column":2},"end":{"line":25,"column":36}},"4":{"start":{"line":26,"column":2},"end":{"line":26,"column":19}},"5":{"start":{"line":27,"column":2},"end":{"line":27,"column":22}},"6":{"start":{"line":30,"column":0},"end":{"line":47,"column":1}},"7":{"start":{"line":31,"column":2},"end":{"line":31,"column":17}},"8":{"start":{"line":32,"column":2},"end":{"line":32,"column":19}},"9":{"start":{"line":33,"column":2},"end":{"line":33,"column":19}},"10":{"start":{"line":34,"column":2},"end":{"line":34,"column":15}},"11":{"start":{"line":35,"column":2},"end":{"line":35,"column":15}},"12":{"start":{"line":36,"column":2},"end":{"line":36,"column":15}},"13":{"start":{"line":37,"column":2},"end":{"line":37,"column":19}},"14":{"start":{"line":38,"column":2},"end":{"line":38,"column":11}},"15":{"start":{"line":39,"column":2},"end":{"line":39,"column":19}},"16":{"start":{"line":40,"column":2},"end":{"line":40,"column":15}},"17":{"start":{"line":41,"column":2},"end":{"line":41,"column":17}},"18":{"start":{"line":42,"column":2},"end":{"line":42,"column":19}},"19":{"start":{"line":43,"column":2},"end":{"line":43,"column":13}},"20":{"start":{"line":44,"column":2},"end":{"line":44,"column":19}},"21":{"start":{"line":45,"column":2},"end":{"line":45,"column":13}},"22":{"start":{"line":46,"column":2},"end":{"line":46,"column":17}}},"fnMap":{"0":{"name":"(anonymous_0)","decl":{"start":{"line":23,"column":0},"end":{"line":23,"column":11}},"loc":{"start":{"line":23,"column":17},"end":{"line":28,"column":1}}},"1":{"name":"(anonymous_1)","decl":{"start":{"line":30,"column":0},"end":{"line":30,"column":11}},"loc":{"start":{"line":30,"column":19},"end":{"line":47,"column":1}}}},"branchMap":{"0":{"loc":{"start":{"line":23,"column":12},"end":{"line":23,"column":17}},"type":"binary-expr","locations":[{"start":{"line":23,"column":12},"end":{"line":23,"column":17}},{"start":{"line":23,"column":12},"end":{"line":23,"column":17}}]},"1":{"loc":{"start":{"line":30,"column":12},"end":{"line":30,"column":19}},"type":"binary-expr","locations":[{"start":{"line":30,"column":12},"end":{"line":30,"column":19}},{"start":{"line":30,"column":12},"end":{"line":30,"column":19}}]}},"s":{"0":15,"1":15,"2":15,"3":15,"4":15,"5":15,"6":15,"7":15,"8":15,"9":15,"10":15,"11":15,"12":15,"13":15,"14":15,"15":15,"16":15,"17":15,"18":15,"19":15,"20":15,"21":15,"22":15},"f":{"0":15,"1":15},"b":{"0":[15,15],"1":[15,15]}}
,"/home/joe/programs/sql-lint/src/lexer/statements/create.ts": {"path":"/home/joe/programs/sql-lint/src/lexer/statements/create.ts","statementMap":{"0":{"start":{"line":3,"column":0},"end":{"line":3,"column":50}},"1":{"start":{"line":4,"column":0},"end":{"line":4,"column":42}},"2":{"start":{"line":7,"column":9},"end":{"line":22,"column":4}},"3":{"start":{"line":25,"column":20},"end":{"line":25,"column":22}},"4":{"start":{"line":27,"column":4},"end":{"line":41,"column":7}},"5":{"start":{"line":28,"column":6},"end":{"line":40,"column":9}},"6":{"start":{"line":29,"column":19},"end":{"line":29,"column":44}},"7":{"start":{"line":30,"column":8},"end":{"line":38,"column":9}},"8":{"start":{"line":31,"column":10},"end":{"line":31,"column":50}},"9":{"start":{"line":32,"column":15},"end":{"line":38,"column":9}},"10":{"start":{"line":33,"column":10},"end":{"line":33,"column":47}},"11":{"start":{"line":35,"column":10},"end":{"line":37,"column":11}},"12":{"start":{"line":36,"column":12},"end":{"line":36,"column":76}},"13":{"start":{"line":39,"column":8},"end":{"line":39,"column":25}},"14":{"start":{"line":43,"column":4},"end":{"line":43,"column":17}},"15":{"start":{"line":47,"column":9},"end":{"line":47,"column":15}}},"fnMap":{"0":{"name":"(anonymous_0)","decl":{"start":{"line":6,"column":0},"end":{"line":null,"column":-1}},"loc":{"start":{"line":6,"column":0},"end":{"line":45,"column":1}}},"1":{"name":"(anonymous_1)","decl":{"start":{"line":24,"column":9},"end":{"line":24,"column":16}},"loc":{"start":{"line":24,"column":30},"end":{"line":44,"column":3}}},"2":{"name":"(anonymous_2)","decl":{"start":{"line":27,"column":24},"end":{"line":27,"column":27}},"loc":{"start":{"line":27,"column":31},"end":{"line":41,"column":5}}},"3":{"name":"(anonymous_3)","decl":{"start":{"line":28,"column":38},"end":{"line":28,"column":41}},"loc":{"start":{"line":28,"column":45},"end":{"line":40,"column":7}}}},"branchMap":{"0":{"loc":{"start":{"line":30,"column":8},"end":{"line":38,"column":9}},"type":"if","locations":[{"start":{"line":30,"column":8},"end":{"line":38,"column":9}},{"start":{"line":30,"column":8},"end":{"line":38,"column":9}}]},"1":{"loc":{"start":{"line":32,"column":15},"end":{"line":38,"column":9}},"type":"if","locations":[{"start":{"line":32,"column":15},"end":{"line":38,"column":9}},{"start":{"line":32,"column":15},"end":{"line":38,"column":9}}]},"2":{"loc":{"start":{"line":35,"column":10},"end":{"line":37,"column":11}},"type":"if","locations":[{"start":{"line":35,"column":10},"end":{"line":37,"column":11}},{"start":{"line":35,"column":10},"end":{"line":37,"column":11}}]}},"s":{"0":15,"1":15,"2":27,"3":5,"4":5,"5":5,"6":14,"7":14,"8":5,"9":9,"10":5,"11":5,"12":4,"13":14,"14":5,"15":15},"f":{"0":27,"1":5,"2":5,"3":14},"b":{"0":[5,9],"1":[5,4],"2":[4,1]}}
,"/home/joe/programs/sql-lint/src/lexer/statements/drop.ts": {"path":"/home/joe/programs/sql-lint/src/lexer/statements/drop.ts","statementMap":{"0":{"start":{"line":3,"column":0},"end":{"line":3,"column":50}},"1":{"start":{"line":4,"column":0},"end":{"line":4,"column":42}},"2":{"start":{"line":7,"column":9},"end":{"line":20,"column":4}},"3":{"start":{"line":23,"column":20},"end":{"line":23,"column":22}},"4":{"start":{"line":25,"column":4},"end":{"line":39,"column":7}},"5":{"start":{"line":26,"column":6},"end":{"line":38,"column":9}},"6":{"start":{"line":27,"column":19},"end":{"line":27,"column":44}},"7":{"start":{"line":28,"column":8},"end":{"line":36,"column":9}},"8":{"start":{"line":29,"column":10},"end":{"line":29,"column":50}},"9":{"start":{"line":30,"column":15},"end":{"line":36,"column":9}},"10":{"start":{"line":31,"column":10},"end":{"line":31,"column":47}},"11":{"start":{"line":33,"column":10},"end":{"line":35,"column":11}},"12":{"start":{"line":34,"column":12},"end":{"line":34,"column":76}},"13":{"start":{"line":37,"column":8},"end":{"line":37,"column":25}},"14":{"start":{"line":41,"column":4},"end":{"line":41,"column":17}},"15":{"start":{"line":45,"column":9},"end":{"line":45,"column":13}}},"fnMap":{"0":{"name":"(anonymous_0)","decl":{"start":{"line":6,"column":0},"end":{"line":null,"column":-1}},"loc":{"start":{"line":6,"column":0},"end":{"line":43,"column":1}}},"1":{"name":"(anonymous_1)","decl":{"start":{"line":22,"column":9},"end":{"line":22,"column":16}},"loc":{"start":{"line":22,"column":30},"end":{"line":42,"column":3}}},"2":{"name":"(anonymous_2)","decl":{"start":{"line":25,"column":24},"end":{"line":25,"column":27}},"loc":{"start":{"line":25,"column":31},"end":{"line":39,"column":5}}},"3":{"name":"(anonymous_3)","decl":{"start":{"line":26,"column":38},"end":{"line":26,"column":41}},"loc":{"start":{"line":26,"column":45},"end":{"line":38,"column":7}}}},"branchMap":{"0":{"loc":{"start":{"line":28,"column":8},"end":{"line":36,"column":9}},"type":"if","locations":[{"start":{"line":28,"column":8},"end":{"line":36,"column":9}},{"start":{"line":28,"column":8},"end":{"line":36,"column":9}}]},"1":{"loc":{"start":{"line":30,"column":15},"end":{"line":36,"column":9}},"type":"if","locations":[{"start":{"line":30,"column":15},"end":{"line":36,"column":9}},{"start":{"line":30,"column":15},"end":{"line":36,"column":9}}]},"2":{"loc":{"start":{"line":33,"column":10},"end":{"line":35,"column":11}},"type":"if","locations":[{"start":{"line":33,"column":10},"end":{"line":35,"column":11}},{"start":{"line":33,"column":10},"end":{"line":35,"column":11}}]}},"s":{"0":15,"1":15,"2":27,"3":5,"4":5,"5":5,"6":14,"7":14,"8":5,"9":9,"10":5,"11":5,"12":4,"13":14,"14":5,"15":15},"f":{"0":27,"1":5,"2":5,"3":14},"b":{"0":[5,9],"1":[5,4],"2":[4,1]}}
,"/home/joe/programs/sql-lint/src/lexer/statements/select.ts": {"path":"/home/joe/programs/sql-lint/src/lexer/statements/select.ts","statementMap":{"0":{"start":{"line":3,"column":0},"end":{"line":3,"column":50}},"1":{"start":{"line":4,"column":0},"end":{"line":4,"column":50}},"2":{"start":{"line":8,"column":20},"end":{"line":8,"column":22}},"3":{"start":{"line":9,"column":4},"end":{"line":29,"column":7}},"4":{"start":{"line":10,"column":6},"end":{"line":28,"column":9}},"5":{"start":{"line":11,"column":19},"end":{"line":11,"column":37}},"6":{"start":{"line":13,"column":8},"end":{"line":26,"column":9}},"7":{"start":{"line":14,"column":10},"end":{"line":14,"column":50}},"8":{"start":{"line":15,"column":15},"end":{"line":26,"column":9}},"9":{"start":{"line":16,"column":10},"end":{"line":16,"column":47}},"10":{"start":{"line":18,"column":10},"end":{"line":23,"column":11}},"11":{"start":{"line":19,"column":12},"end":{"line":22,"column":15}},"12":{"start":{"line":25,"column":10},"end":{"line":25,"column":55}},"13":{"start":{"line":27,"column":8},"end":{"line":27,"column":25}},"14":{"start":{"line":31,"column":4},"end":{"line":31,"column":17}},"15":{"start":{"line":35,"column":9},"end":{"line":35,"column":15}}},"fnMap":{"0":{"name":"(anonymous_0)","decl":{"start":{"line":7,"column":9},"end":{"line":7,"column":16}},"loc":{"start":{"line":7,"column":30},"end":{"line":32,"column":3}}},"1":{"name":"(anonymous_1)","decl":{"start":{"line":9,"column":24},"end":{"line":9,"column":27}},"loc":{"start":{"line":9,"column":31},"end":{"line":29,"column":5}}},"2":{"name":"(anonymous_2)","decl":{"start":{"line":10,"column":38},"end":{"line":10,"column":41}},"loc":{"start":{"line":10,"column":45},"end":{"line":28,"column":7}}}},"branchMap":{"0":{"loc":{"start":{"line":13,"column":8},"end":{"line":26,"column":9}},"type":"if","locations":[{"start":{"line":13,"column":8},"end":{"line":26,"column":9}},{"start":{"line":13,"column":8},"end":{"line":26,"column":9}}]},"1":{"loc":{"start":{"line":15,"column":15},"end":{"line":26,"column":9}},"type":"if","locations":[{"start":{"line":15,"column":15},"end":{"line":26,"column":9}},{"start":{"line":15,"column":15},"end":{"line":26,"column":9}}]},"2":{"loc":{"start":{"line":15,"column":19},"end":{"line":15,"column":47}},"type":"binary-expr","locations":[{"start":{"line":15,"column":19},"end":{"line":15,"column":47}},{"start":{"line":15,"column":51},"end":{"line":15,"column":77}}]},"3":{"loc":{"start":{"line":18,"column":10},"end":{"line":23,"column":11}},"type":"if","locations":[{"start":{"line":18,"column":10},"end":{"line":23,"column":11}},{"start":{"line":18,"column":10},"end":{"line":23,"column":11}}]}},"s":{"0":15,"1":15,"2":10,"3":10,"4":10,"5":53,"6":53,"7":23,"8":30,"9":17,"10":17,"11":17,"12":13,"13":53,"14":10,"15":15},"f":{"0":10,"1":10,"2":53},"b":{"0":[23,30],"1":[17,13],"2":[30,22],"3":[17,0]}}
,"/home/joe/programs/sql-lint/src/lexer/statements/update.ts": {"path":"/home/joe/programs/sql-lint/src/lexer/statements/update.ts","statementMap":{"0":{"start":{"line":3,"column":0},"end":{"line":3,"column":50}},"1":{"start":{"line":4,"column":0},"end":{"line":4,"column":42}},"2":{"start":{"line":8,"column":20},"end":{"line":8,"column":22}},"3":{"start":{"line":9,"column":4},"end":{"line":27,"column":7}},"4":{"start":{"line":10,"column":6},"end":{"line":26,"column":9}},"5":{"start":{"line":11,"column":19},"end":{"line":11,"column":44}},"6":{"start":{"line":13,"column":8},"end":{"line":24,"column":9}},"7":{"start":{"line":14,"column":10},"end":{"line":14,"column":50}},"8":{"start":{"line":15,"column":15},"end":{"line":24,"column":9}},"9":{"start":{"line":16,"column":10},"end":{"line":16,"column":47}},"10":{"start":{"line":18,"column":10},"end":{"line":23,"column":11}},"11":{"start":{"line":19,"column":12},"end":{"line":22,"column":15}},"12":{"start":{"line":25,"column":8},"end":{"line":25,"column":25}},"13":{"start":{"line":29,"column":4},"end":{"line":29,"column":17}},"14":{"start":{"line":33,"column":9},"end":{"line":33,"column":15}}},"fnMap":{"0":{"name":"(anonymous_0)","decl":{"start":{"line":7,"column":9},"end":{"line":7,"column":16}},"loc":{"start":{"line":7,"column":30},"end":{"line":30,"column":3}}},"1":{"name":"(anonymous_1)","decl":{"start":{"line":9,"column":24},"end":{"line":9,"column":27}},"loc":{"start":{"line":9,"column":31},"end":{"line":27,"column":5}}},"2":{"name":"(anonymous_2)","decl":{"start":{"line":10,"column":38},"end":{"line":10,"column":41}},"loc":{"start":{"line":10,"column":45},"end":{"line":26,"column":7}}}},"branchMap":{"0":{"loc":{"start":{"line":13,"column":8},"end":{"line":24,"column":9}},"type":"if","locations":[{"start":{"line":13,"column":8},"end":{"line":24,"column":9}},{"start":{"line":13,"column":8},"end":{"line":24,"column":9}}]},"1":{"loc":{"start":{"line":15,"column":15},"end":{"line":24,"column":9}},"type":"if","locations":[{"start":{"line":15,"column":15},"end":{"line":24,"column":9}},{"start":{"line":15,"column":15},"end":{"line":24,"column":9}}]},"2":{"loc":{"start":{"line":18,"column":10},"end":{"line":23,"column":11}},"type":"if","locations":[{"start":{"line":18,"column":10},"end":{"line":23,"column":11}},{"start":{"line":18,"column":10},"end":{"line":23,"column":11}}]}},"s":{"0":1,"1":1,"2":2,"3":2,"4":2,"5":5,"6":5,"7":2,"8":3,"9":2,"10":2,"11":1,"12":5,"13":2,"14":1},"f":{"0":2,"1":2,"2":5},"b":{"0":[2,3],"1":[2,1],"2":[1,1]}}
,"/home/joe/programs/sql-lint/src/lexer/statements/use.ts": {"path":"/home/joe/programs/sql-lint/src/lexer/statements/use.ts","statementMap":{"0":{"start":{"line":3,"column":0},"end":{"line":3,"column":50}},"1":{"start":{"line":4,"column":0},"end":{"line":4,"column":42}},"2":{"start":{"line":8,"column":4},"end":{"line":24,"column":7}},"3":{"start":{"line":9,"column":6},"end":{"line":23,"column":9}},"4":{"start":{"line":10,"column":19},"end":{"line":10,"column":44}},"5":{"start":{"line":11,"column":8},"end":{"line":22,"column":9}},"6":{"start":{"line":12,"column":10},"end":{"line":12,"column":50}},"7":{"start":{"line":14,"column":10},"end":{"line":14,"column":47}},"8":{"start":{"line":16,"column":10},"end":{"line":21,"column":11}},"9":{"start":{"line":17,"column":12},"end":{"line":20,"column":15}},"10":{"start":{"line":26,"column":4},"end":{"line":26,"column":17}},"11":{"start":{"line":30,"column":9},"end":{"line":30,"column":12}}},"fnMap":{"0":{"name":"(anonymous_0)","decl":{"start":{"line":7,"column":9},"end":{"line":7,"column":16}},"loc":{"start":{"line":7,"column":30},"end":{"line":27,"column":3}}},"1":{"name":"(anonymous_1)","decl":{"start":{"line":8,"column":24},"end":{"line":8,"column":27}},"loc":{"start":{"line":8,"column":31},"end":{"line":24,"column":5}}},"2":{"name":"(anonymous_2)","decl":{"start":{"line":9,"column":38},"end":{"line":9,"column":41}},"loc":{"start":{"line":9,"column":45},"end":{"line":23,"column":7}}}},"branchMap":{"0":{"loc":{"start":{"line":11,"column":8},"end":{"line":22,"column":9}},"type":"if","locations":[{"start":{"line":11,"column":8},"end":{"line":22,"column":9}},{"start":{"line":11,"column":8},"end":{"line":22,"column":9}}]},"1":{"loc":{"start":{"line":16,"column":10},"end":{"line":21,"column":11}},"type":"if","locations":[{"start":{"line":16,"column":10},"end":{"line":21,"column":11}},{"start":{"line":16,"column":10},"end":{"line":21,"column":11}}]}},"s":{"0":15,"1":15,"2":8,"3":8,"4":22,"5":22,"6":8,"7":14,"8":14,"9":8,"10":8,"11":15},"f":{"0":8,"1":8,"2":22},"b":{"0":[8,14],"1":[8,6]}}
,"/home/joe/programs/sql-lint/src/reader/line.ts": {"path":"/home/joe/programs/sql-lint/src/reader/line.ts","statementMap":{"0":{"start":{"line":4,"column":9},"end":{"line":4,"column":33}},"1":{"start":{"line":7,"column":4},"end":{"line":7,"column":27}},"2":{"start":{"line":8,"column":4},"end":{"line":8,"column":19}},"3":{"start":{"line":12,"column":9},"end":{"line":12,"column":13}}},"fnMap":{"0":{"name":"(anonymous_0)","decl":{"start":{"line":6,"column":2},"end":{"line":6,"column":13}},"loc":{"start":{"line":6,"column":42},"end":{"line":9,"column":3}}}},"branchMap":{},"s":{"0":66,"1":66,"2":66,"3":13},"f":{"0":66},"b":{}}
,"/home/joe/programs/sql-lint/src/reader/query.ts": {"path":"/home/joe/programs/sql-lint/src/reader/query.ts","statementMap":{"0":{"start":{"line":4,"column":9},"end":{"line":4,"column":28}},"1":{"start":{"line":8,"column":26},"end":{"line":8,"column":28}},"2":{"start":{"line":10,"column":4},"end":{"line":12,"column":7}},"3":{"start":{"line":11,"column":6},"end":{"line":11,"column":30}},"4":{"start":{"line":14,"column":4},"end":{"line":14,"column":19}},"5":{"start":{"line":18,"column":9},"end":{"line":18,"column":14}}},"fnMap":{"0":{"name":"(anonymous_0)","decl":{"start":{"line":3,"column":0},"end":{"line":null,"column":-1}},"loc":{"start":{"line":3,"column":0},"end":{"line":16,"column":1}}},"1":{"name":"(anonymous_1)","decl":{"start":{"line":7,"column":9},"end":{"line":7,"column":18}},"loc":{"start":{"line":7,"column":19},"end":{"line":15,"column":3}}},"2":{"name":"(anonymous_2)","decl":{"start":{"line":10,"column":23},"end":{"line":10,"column":26}},"loc":{"start":{"line":10,"column":30},"end":{"line":12,"column":5}}}},"branchMap":{},"s":{"0":74,"1":22,"2":22,"3":25,"4":22,"5":14},"f":{"0":74,"1":22,"2":25},"b":{}}
,"/home/joe/programs/sql-lint/src/reader/reader.ts": {"path":"/home/joe/programs/sql-lint/src/reader/reader.ts","statementMap":{"0":{"start":{"line":1,"column":0},"end":{"line":1,"column":24}},"1":{"start":{"line":2,"column":0},"end":{"line":2,"column":29}},"2":{"start":{"line":3,"column":0},"end":{"line":3,"column":31}},"3":{"start":{"line":9,"column":19},"end":{"line":9,"column":48}},"4":{"start":{"line":10,"column":2},"end":{"line":10,"column":39}},"5":{"start":{"line":8,"column":0},"end":{"line":11,"column":1}},"6":{"start":{"line":14,"column":19},"end":{"line":14,"column":20}},"7":{"start":{"line":15,"column":35},"end":{"line":15,"column":37}},"8":{"start":{"line":16,"column":36},"end":{"line":16,"column":38}},"9":{"start":{"line":17,"column":14},"end":{"line":17,"column":25}},"10":{"start":{"line":18,"column":20},"end":{"line":18,"column":38}},"11":{"start":{"line":20,"column":2},"end":{"line":20,"column":37}},"12":{"start":{"line":22,"column":2},"end":{"line":43,"column":3}},"13":{"start":{"line":23,"column":4},"end":{"line":25,"column":5}},"14":{"start":{"line":24,"column":6},"end":{"line":24,"column":41}},"15":{"start":{"line":27,"column":4},"end":{"line":33,"column":5}},"16":{"start":{"line":28,"column":6},"end":{"line":30,"column":7}},"17":{"start":{"line":29,"column":8},"end":{"line":29,"column":68}},"18":{"start":{"line":31,"column":6},"end":{"line":31,"column":31}},"19":{"start":{"line":32,"column":6},"end":{"line":32,"column":19}},"20":{"start":{"line":35,"column":4},"end":{"line":42,"column":5}},"21":{"start":{"line":36,"column":6},"end":{"line":38,"column":7}},"22":{"start":{"line":37,"column":8},"end":{"line":37,"column":68}},"23":{"start":{"line":39,"column":6},"end":{"line":39,"column":34}},"24":{"start":{"line":40,"column":6},"end":{"line":40,"column":26}},"25":{"start":{"line":41,"column":6},"end":{"line":41,"column":31}},"26":{"start":{"line":45,"column":2},"end":{"line":45,"column":25}},"27":{"start":{"line":13,"column":0},"end":{"line":46,"column":1}},"28":{"start":{"line":54,"column":2},"end":{"line":67,"column":16}},"29":{"start":{"line":57,"column":6},"end":{"line":65,"column":7}},"30":{"start":{"line":62,"column":8},"end":{"line":62,"column":18}},"31":{"start":{"line":64,"column":8},"end":{"line":64,"column":20}},"32":{"start":{"line":76,"column":2},"end":{"line":76,"column":36}},"33":{"start":{"line":75,"column":0},"end":{"line":77,"column":1}}},"fnMap":{"0":{"name":"getQueryFromFile","decl":{"start":{"line":8,"column":16},"end":{"line":8,"column":32}},"loc":{"start":{"line":8,"column":45},"end":{"line":11,"column":1}}},"1":{"name":"putContentIntoLines","decl":{"start":{"line":13,"column":16},"end":{"line":13,"column":35}},"loc":{"start":{"line":13,"column":52},"end":{"line":46,"column":1}}},"2":{"name":"stripComments","decl":{"start":{"line":53,"column":9},"end":{"line":53,"column":22}},"loc":{"start":{"line":53,"column":38},"end":{"line":68,"column":1}}},"3":{"name":"(anonymous_3)","decl":{"start":{"line":56,"column":9},"end":{"line":56,"column":12}},"loc":{"start":{"line":56,"column":16},"end":{"line":66,"column":5}}},"4":{"name":"getQueryFromLine","decl":{"start":{"line":75,"column":16},"end":{"line":75,"column":32}},"loc":{"start":{"line":75,"column":46},"end":{"line":77,"column":1}}}},"branchMap":{"0":{"loc":{"start":{"line":23,"column":4},"end":{"line":25,"column":5}},"type":"if","locations":[{"start":{"line":23,"column":4},"end":{"line":25,"column":5}},{"start":{"line":23,"column":4},"end":{"line":25,"column":5}}]},"1":{"loc":{"start":{"line":27,"column":4},"end":{"line":33,"column":5}},"type":"if","locations":[{"start":{"line":27,"column":4},"end":{"line":33,"column":5}},{"start":{"line":27,"column":4},"end":{"line":33,"column":5}}]},"2":{"loc":{"start":{"line":28,"column":6},"end":{"line":30,"column":7}},"type":"if","locations":[{"start":{"line":28,"column":6},"end":{"line":30,"column":7}},{"start":{"line":28,"column":6},"end":{"line":30,"column":7}}]},"3":{"loc":{"start":{"line":35,"column":4},"end":{"line":42,"column":5}},"type":"if","locations":[{"start":{"line":35,"column":4},"end":{"line":42,"column":5}},{"start":{"line":35,"column":4},"end":{"line":42,"column":5}}]},"4":{"loc":{"start":{"line":36,"column":6},"end":{"line":38,"column":7}},"type":"if","locations":[{"start":{"line":36,"column":6},"end":{"line":38,"column":7}},{"start":{"line":36,"column":6},"end":{"line":38,"column":7}}]},"5":{"loc":{"start":{"line":57,"column":6},"end":{"line":65,"column":7}},"type":"if","locations":[{"start":{"line":57,"column":6},"end":{"line":65,"column":7}},{"start":{"line":57,"column":6},"end":{"line":65,"column":7}}]},"6":{"loc":{"start":{"line":58,"column":8},"end":{"line":58,"column":29}},"type":"binary-expr","locations":[{"start":{"line":58,"column":8},"end":{"line":58,"column":29}},{"start":{"line":59,"column":8},"end":{"line":59,"column":28}},{"start":{"line":60,"column":8},"end":{"line":60,"column":29}}]}},"s":{"0":13,"1":13,"2":13,"3":0,"4":0,"5":13,"6":34,"7":34,"8":34,"9":34,"10":34,"11":34,"12":34,"13":763,"14":744,"15":763,"16":19,"17":12,"18":19,"19":19,"20":763,"21":34,"22":34,"23":34,"24":34,"25":34,"26":34,"27":13,"28":34,"29":53,"30":3,"31":50,"32":0,"33":13},"f":{"0":0,"1":34,"2":34,"3":53,"4":0},"b":{"0":[744,19],"1":[19,744],"2":[12,7],"3":[34,729],"4":[34,0],"5":[3,50],"6":[53,52,51]}}
}
