TN:
SF:/home/joe/programs/sql-lint/src/printer.ts
FN:11,(anonymous_0)
FN:15,(anonymous_1)
FN:35,(anonymous_2)
FNF:3
FNH:3
FNDA:4,(anonymous_0)
FNDA:1,(anonymous_1)
FNDA:1,(anonymous_2)
DA:5,2
DA:12,4
DA:13,4
DA:16,1
DA:18,1
DA:19,1
DA:20,1
DA:21,1
DA:22,1
DA:23,1
DA:26,1
DA:27,0
DA:30,1
DA:31,1
DA:36,1
DA:40,2
LF:16
LH:15
BRDA:18,0,0,1
BRDA:18,0,1,0
BRDA:26,1,0,0
BRDA:26,1,1,1
BRDA:30,2,0,1
BRDA:30,2,1,0
BRF:6
BRH:3
end_of_record
TN:
SF:/home/joe/programs/sql-lint/src/barrel/checks.ts
FNF:0
FNH:0
DA:1,1
DA:2,1
DA:3,1
DA:4,1
DA:5,1
DA:6,1
DA:7,1
LF:7
LH:7
BRF:0
BRH:0
end_of_record
TN:
SF:/home/joe/programs/sql-lint/src/barrel/statements.ts
FNF:0
FNH:0
DA:1,15
DA:2,15
DA:3,15
DA:4,15
LF:4
LH:4
BRF:0
BRH:0
end_of_record
TN:
SF:/home/joe/programs/sql-lint/src/checker/checkerResult.ts
FN:15,(anonymous_0)
FNF:1
FNH:1
FNDA:19,(anonymous_0)
DA:16,19
DA:17,19
DA:21,11
LF:3
LH:3
BRF:0
BRH:0
end_of_record
TN:
SF:/home/joe/programs/sql-lint/src/checker/checkerRunner.ts
FN:22,(anonymous_0)
FN:29,(anonymous_1)
FN:49,(anonymous_2)
FN:57,(anonymous_3)
FN:64,(anonymous_4)
FN:72,(anonymous_5)
FN:87,(anonymous_6)
FN:100,(anonymous_7)
FNF:8
FNH:3
FNDA:1,(anonymous_0)
FNDA:0,(anonymous_1)
FNDA:0,(anonymous_2)
FNDA:0,(anonymous_3)
FNDA:0,(anonymous_4)
FNDA:0,(anonymous_5)
FNDA:2,(anonymous_6)
FNDA:1,(anonymous_7)
DA:4,1
DA:5,1
DA:6,1
DA:27,1
DA:29,1
DA:30,0
DA:32,0
DA:33,0
DA:34,0
DA:36,0
DA:37,0
DA:38,0
DA:39,0
DA:40,0
DA:41,0
DA:42,0
DA:43,0
DA:55,0
DA:57,0
DA:58,0
DA:60,0
DA:61,0
DA:62,0
DA:64,0
DA:65,0
DA:66,0
DA:69,0
DA:70,0
DA:71,0
DA:72,0
DA:73,0
DA:74,0
DA:76,0
DA:77,0
DA:78,0
DA:79,0
DA:80,0
DA:81,0
DA:93,2
DA:94,0
DA:97,2
DA:101,1
DA:110,1
LF:43
LH:9
BRDA:32,0,0,0
BRDA:32,0,1,0
BRDA:36,1,0,0
BRDA:36,1,1,0
BRDA:38,2,0,0
BRDA:38,2,1,0
BRDA:40,3,0,0
BRDA:40,3,1,0
BRDA:42,4,0,0
BRDA:42,4,1,0
BRDA:60,5,0,0
BRDA:60,5,1,0
BRDA:69,6,0,0
BRDA:69,6,1,0
BRDA:71,7,0,0
BRDA:71,7,1,0
BRDA:76,8,0,0
BRDA:76,8,1,0
BRDA:78,9,0,0
BRDA:78,9,1,0
BRDA:80,10,0,0
BRDA:80,10,1,0
BRDA:93,11,0,0
BRDA:93,11,1,2
BRF:24
BRH:1
end_of_record
TN:
SF:/home/joe/programs/sql-lint/src/checker/nullChecker.ts
FN:5,(anonymous_0)
FN:8,(anonymous_1)
FNF:2
FNH:2
FNDA:1,(anonymous_0)
FNDA:1,(anonymous_1)
DA:2,1
DA:6,1
DA:9,1
DA:13,1
LF:4
LH:4
BRF:0
BRH:0
end_of_record
TN:
SF:/home/joe/programs/sql-lint/src/checker/checks/create/invalidCreateOption.ts
FN:18,(anonymous_0)
FN:21,(anonymous_1)
FNF:2
FNH:2
FNDA:3,(anonymous_0)
FNDA:2,(anonymous_1)
DA:12,2
DA:14,2
DA:15,2
DA:16,2
DA:19,3
DA:22,2
DA:24,2
DA:25,2
DA:26,4
DA:30,1
DA:42,1
DA:46,2
LF:12
LH:12
BRDA:26,0,0,1
BRDA:26,0,1,3
BRDA:27,1,0,4
BRDA:27,1,1,2
BRF:4
BRH:4
end_of_record
TN:
SF:/home/joe/programs/sql-lint/src/checker/checks/delete/missingWhere.ts
FN:5,(anonymous_0)
FN:8,(anonymous_1)
FNF:2
FNH:2
FNDA:3,(anonymous_0)
FNDA:2,(anonymous_1)
DA:2,2
DA:6,3
DA:9,2
DA:15,1
DA:16,1
DA:18,1
DA:22,2
LF:7
LH:7
BRDA:9,0,0,1
BRDA:9,0,1,1
BRF:2
BRH:2
end_of_record
TN:
SF:/home/joe/programs/sql-lint/src/checker/checks/drop/invalidDropOption.ts
FN:18,(anonymous_0)
FN:21,(anonymous_1)
FNF:2
FNH:2
FNDA:3,(anonymous_0)
FNDA:2,(anonymous_1)
DA:12,2
DA:14,2
DA:15,2
DA:16,2
DA:19,3
DA:22,2
DA:24,2
DA:25,2
DA:26,4
DA:30,1
DA:42,1
DA:46,2
LF:12
LH:12
BRDA:26,0,0,1
BRDA:26,0,1,3
BRDA:27,1,0,4
BRDA:27,1,1,2
BRF:4
BRH:4
end_of_record
TN:
SF:/home/joe/programs/sql-lint/src/checker/checks/generic/mySqlError.ts
FN:12,(anonymous_0)
FN:16,(anonymous_1)
FN:28,(anonymous_2)
FNF:3
FNH:3
FNDA:2,(anonymous_0)
FNDA:2,(anonymous_1)
FNDA:1,(anonymous_2)
DA:2,2
DA:10,2
DA:13,2
DA:17,2
DA:19,2
DA:20,1
DA:21,1
DA:22,1
DA:25,1
DA:29,1
DA:33,2
LF:11
LH:11
BRDA:19,0,0,1
BRDA:19,0,1,1
BRF:2
BRH:2
end_of_record
TN:
SF:/home/joe/programs/sql-lint/src/checker/checks/generic/oddCodePoint.ts
FN:5,(anonymous_0)
FN:7,(anonymous_1)
FNF:2
FNH:2
FNDA:4,(anonymous_0)
FNDA:3,(anonymous_1)
DA:2,2
DA:6,4
DA:8,3
DA:10,3
DA:11,94
DA:13,94
DA:14,1
DA:15,1
DA:18,2
DA:22,2
LF:10
LH:10
BRDA:13,0,0,1
BRDA:13,0,1,93
BRDA:13,1,0,94
BRDA:13,1,1,94
BRF:4
BRH:4
end_of_record
TN:
SF:/home/joe/programs/sql-lint/src/checker/checks/generic/tableNotFound.ts
FN:12,(anonymous_0)
FN:16,(anonymous_1)
FN:38,(anonymous_2)
FNF:3
FNH:3
FNDA:1,(anonymous_0)
FNDA:1,(anonymous_1)
FNDA:1,(anonymous_2)
DA:1,2
DA:3,2
DA:5,2
DA:6,2
DA:9,1
DA:13,1
DA:17,1
DA:18,1
DA:19,4
DA:20,2
DA:22,2
DA:26,1
DA:35,0
DA:39,1
DA:40,1
DA:41,1
DA:42,1
DA:43,1
DA:46,1
DA:50,2
LF:20
LH:19
BRDA:19,0,0,2
BRDA:19,0,1,2
BRDA:22,1,0,1
BRDA:22,1,1,1
BRDA:23,2,0,2
BRDA:23,2,1,2
BRDA:42,3,0,1
BRDA:42,3,1,0
BRF:8
BRH:7
end_of_record
TN:
SF:/home/joe/programs/sql-lint/src/checker/checks/use/databaseNotFound.ts
FN:11,(anonymous_0)
FN:12,(anonymous_1)
FN:14,(anonymous_2)
FNF:3
FNH:3
FNDA:4,(anonymous_0)
FNDA:4,(anonymous_1)
FNDA:4,(anonymous_2)
DA:2,2
DA:4,2
DA:5,2
DA:8,4
DA:12,4
DA:15,4
DA:16,4
DA:17,8
DA:18,4
DA:19,4
DA:20,2
DA:26,2
DA:30,2
LF:13
LH:13
BRDA:17,0,0,4
BRDA:17,0,1,4
BRDA:19,1,0,2
BRDA:19,1,1,2
BRDA:19,2,0,4
BRDA:19,2,1,2
BRF:6
BRH:6
end_of_record
TN:
SF:/home/joe/programs/sql-lint/src/formatter/formatterFactory.ts
FN:6,(anonymous_0)
FNF:1
FNH:1
FNDA:4,(anonymous_0)
DA:2,1
DA:3,1
DA:7,4
DA:9,4
DA:14,4
DA:15,2
DA:18,4
DA:22,1
LF:8
LH:8
BRDA:14,0,0,2
BRDA:14,0,1,2
BRF:2
BRH:2
end_of_record
TN:
SF:/home/joe/programs/sql-lint/src/formatter/formats/json.ts
FN:5,(anonymous_0)
FNF:1
FNH:1
FNDA:1,(anonymous_0)
DA:6,1
DA:11,1
DA:15,2
LF:3
LH:3
BRF:0
BRH:0
end_of_record
TN:
SF:/home/joe/programs/sql-lint/src/formatter/formats/simple.ts
FN:5,(anonymous_0)
FNF:1
FNH:1
FNDA:1,(anonymous_0)
DA:6,1
DA:10,4
LF:2
LH:2
BRF:0
BRH:0
end_of_record
TN:
SF:/home/joe/programs/sql-lint/src/lexer/lexer.ts
FN:5,categorise
FN:11,(anonymous_1)
FN:26,tokenise
FN:63,extractTableReference
FN:87,cleanUnquotedIdentifier
FNF:5
FNH:5
FNDA:24,categorise
FNDA:238,(anonymous_1)
FNDA:16,tokenise
FNDA:5,extractTableReference
FNDA:77,cleanUnquotedIdentifier
DA:2,15
DA:3,15
DA:6,24
DA:9,24
DA:11,24
DA:12,238
DA:15,24
DA:16,24
DA:19,0
DA:27,16
DA:28,16
DA:29,16
DA:31,16
DA:33,16
DA:64,5
DA:65,5
DA:80,5
DA:89,77
DA:92,15
LF:19
LH:18
BRDA:15,0,0,24
BRDA:15,0,1,0
BRF:2
BRH:1
end_of_record
TN:
SF:/home/joe/programs/sql-lint/src/lexer/statementFactory.ts
FN:5,(anonymous_0)
FNF:1
FNH:1
FNDA:22,(anonymous_0)
DA:2,15
DA:6,22
DA:8,22
DA:15,22
DA:16,18
DA:19,22
DA:23,15
LF:7
LH:7
BRDA:15,0,0,18
BRDA:15,0,1,4
BRF:2
BRH:2
end_of_record
TN:
SF:/home/joe/programs/sql-lint/src/lexer/tokens.ts
FN:23,(anonymous_0)
FN:30,(anonymous_1)
FNF:2
FNH:2
FNDA:15,(anonymous_0)
FNDA:15,(anonymous_1)
DA:1,15
DA:23,15
DA:24,15
DA:25,15
DA:26,15
DA:27,15
DA:30,15
DA:31,15
DA:32,15
DA:33,15
DA:34,15
DA:35,15
DA:36,15
DA:37,15
DA:38,15
DA:39,15
DA:40,15
DA:41,15
DA:42,15
DA:43,15
DA:44,15
DA:45,15
DA:46,15
LF:23
LH:23
BRDA:23,0,0,15
BRDA:23,0,1,15
BRDA:30,1,0,15
BRDA:30,1,1,15
BRF:4
BRH:4
end_of_record
TN:
SF:/home/joe/programs/sql-lint/src/lexer/statements/create.ts
FN:6,(anonymous_0)
FN:24,(anonymous_1)
FN:27,(anonymous_2)
FN:28,(anonymous_3)
FNF:4
FNH:4
FNDA:27,(anonymous_0)
FNDA:5,(anonymous_1)
FNDA:5,(anonymous_2)
FNDA:14,(anonymous_3)
DA:3,15
DA:4,15
DA:7,27
DA:25,5
DA:27,5
DA:28,5
DA:29,14
DA:30,14
DA:31,5
DA:32,9
DA:33,5
DA:35,5
DA:36,4
DA:39,14
DA:43,5
DA:47,15
LF:16
LH:16
BRDA:30,0,0,5
BRDA:30,0,1,9
BRDA:32,1,0,5
BRDA:32,1,1,4
BRDA:35,2,0,4
BRDA:35,2,1,1
BRF:6
BRH:6
end_of_record
TN:
SF:/home/joe/programs/sql-lint/src/lexer/statements/drop.ts
FN:6,(anonymous_0)
FN:22,(anonymous_1)
FN:25,(anonymous_2)
FN:26,(anonymous_3)
FNF:4
FNH:4
FNDA:27,(anonymous_0)
FNDA:5,(anonymous_1)
FNDA:5,(anonymous_2)
FNDA:14,(anonymous_3)
DA:3,15
DA:4,15
DA:7,27
DA:23,5
DA:25,5
DA:26,5
DA:27,14
DA:28,14
DA:29,5
DA:30,9
DA:31,5
DA:33,5
DA:34,4
DA:37,14
DA:41,5
DA:45,15
LF:16
LH:16
BRDA:28,0,0,5
BRDA:28,0,1,9
BRDA:30,1,0,5
BRDA:30,1,1,4
BRDA:33,2,0,4
BRDA:33,2,1,1
BRF:6
BRH:6
end_of_record
TN:
SF:/home/joe/programs/sql-lint/src/lexer/statements/select.ts
FN:7,(anonymous_0)
FN:9,(anonymous_1)
FN:10,(anonymous_2)
FNF:3
FNH:3
FNDA:10,(anonymous_0)
FNDA:10,(anonymous_1)
FNDA:53,(anonymous_2)
DA:3,15
DA:4,15
DA:8,10
DA:9,10
DA:10,10
DA:11,53
DA:13,53
DA:14,23
DA:15,30
DA:16,17
DA:18,17
DA:19,17
DA:25,13
DA:27,53
DA:31,10
DA:35,15
LF:16
LH:16
BRDA:13,0,0,23
BRDA:13,0,1,30
BRDA:15,1,0,17
BRDA:15,1,1,13
BRDA:15,2,0,30
BRDA:15,2,1,22
BRDA:18,3,0,17
BRDA:18,3,1,0
BRF:8
BRH:7
end_of_record
TN:
SF:/home/joe/programs/sql-lint/src/lexer/statements/update.ts
FN:7,(anonymous_0)
FN:9,(anonymous_1)
FN:10,(anonymous_2)
FNF:3
FNH:3
FNDA:2,(anonymous_0)
FNDA:2,(anonymous_1)
FNDA:5,(anonymous_2)
DA:3,1
DA:4,1
DA:8,2
DA:9,2
DA:10,2
DA:11,5
DA:13,5
DA:14,2
DA:15,3
DA:16,2
DA:18,2
DA:19,1
DA:25,5
DA:29,2
DA:33,1
LF:15
LH:15
BRDA:13,0,0,2
BRDA:13,0,1,3
BRDA:15,1,0,2
BRDA:15,1,1,1
BRDA:18,2,0,1
BRDA:18,2,1,1
BRF:6
BRH:6
end_of_record
TN:
SF:/home/joe/programs/sql-lint/src/lexer/statements/use.ts
FN:7,(anonymous_0)
FN:8,(anonymous_1)
FN:9,(anonymous_2)
FNF:3
FNH:3
FNDA:8,(anonymous_0)
FNDA:8,(anonymous_1)
FNDA:22,(anonymous_2)
DA:3,15
DA:4,15
DA:8,8
DA:9,8
DA:10,22
DA:11,22
DA:12,8
DA:14,14
DA:16,14
DA:17,8
DA:26,8
DA:30,15
LF:12
LH:12
BRDA:11,0,0,8
BRDA:11,0,1,14
BRDA:16,1,0,8
BRDA:16,1,1,6
BRF:4
BRH:4
end_of_record
TN:
SF:/home/joe/programs/sql-lint/src/reader/line.ts
FN:6,(anonymous_0)
FNF:1
FNH:1
FNDA:66,(anonymous_0)
DA:4,66
DA:7,66
DA:8,66
DA:12,13
LF:4
LH:4
BRF:0
BRH:0
end_of_record
TN:
SF:/home/joe/programs/sql-lint/src/reader/query.ts
FN:3,(anonymous_0)
FN:7,(anonymous_1)
FN:10,(anonymous_2)
FNF:3
FNH:3
FNDA:74,(anonymous_0)
FNDA:22,(anonymous_1)
FNDA:25,(anonymous_2)
DA:4,74
DA:8,22
DA:10,22
DA:11,25
DA:14,22
DA:18,14
LF:6
LH:6
BRF:0
BRH:0
end_of_record
TN:
SF:/home/joe/programs/sql-lint/src/reader/reader.ts
FN:8,getQueryFromFile
FN:13,putContentIntoLines
FN:53,stripComments
FN:56,(anonymous_3)
FN:75,getQueryFromLine
FNF:5
FNH:3
FNDA:0,getQueryFromFile
FNDA:34,putContentIntoLines
FNDA:34,stripComments
FNDA:53,(anonymous_3)
FNDA:0,getQueryFromLine
DA:1,13
DA:2,13
DA:3,13
DA:8,13
DA:9,0
DA:10,0
DA:13,13
DA:14,34
DA:15,34
DA:16,34
DA:17,34
DA:18,34
DA:20,34
DA:22,34
DA:23,763
DA:24,744
DA:27,763
DA:28,19
DA:29,12
DA:31,19
DA:32,19
DA:35,763
DA:36,34
DA:37,34
DA:39,34
DA:40,34
DA:41,34
DA:45,34
DA:54,34
DA:57,53
DA:62,3
DA:64,50
DA:75,13
DA:76,0
LF:34
LH:31
BRDA:23,0,0,744
BRDA:23,0,1,19
BRDA:27,1,0,19
BRDA:27,1,1,744
BRDA:28,2,0,12
BRDA:28,2,1,7
BRDA:35,3,0,34
BRDA:35,3,1,729
BRDA:36,4,0,34
BRDA:36,4,1,0
BRDA:57,5,0,3
BRDA:57,5,1,50
BRDA:58,6,0,53
BRDA:58,6,1,52
BRDA:58,6,2,51
BRF:15
BRH:14
end_of_record
